p:0	2018/11/01 12:22:54	reynaldo	INT01	INTERNET	3021	1.5	1.5	2018:11:01:11:27:32	HOR_LIB	0	ALQUILER DE CABINA	1899:12:30:00:55:21	9	1	0	1899:12:30:00:50:21	1899:12:30:00:00:00	COUNTER			
p:1	2018/11/01 12:48:47	reynaldo	INT01	INTERNET	3321	1.5	1.5	2018:11:01:11:48:26	NORMAL	60	ALQUILER DE CABINA	1899:12:30:01:00:21	11	1	0	1899:12:30:00:55:21	1899:12:30:01:00:00	COUNTER			
p:2	2018/11/01 14:09:43	esthefany	INT01	INTERNET	1035	1	1	2018:11:01:13:47:28	NORMAL	30	ALQUILER DE CABINA	1899:12:30:00:22:15	10	1	0	1899:12:30:00:17:15	1899:12:30:00:30:00	COUNTER			
p:3	2018/11/01 14:30:19	esthefany	INT01	INTERNET	1948	1.5	1.5	2018:11:01:13:52:50	HOR_LIB	0	ALQUILER DE CABINA	1899:12:30:00:37:28	6	1	0	1899:12:30:00:32:28	1899:12:30:00:00:00	COUNTER			
p:4	2018/11/01 17:33:05	esthefany	INT01	INTERNET	340	0.5	0.5	2018:11:01:17:22:24	NORMAL	30	ALQUILER DE CABINA	1899:12:30:00:10:40	6	1	0	1899:12:30:00:05:40	1899:12:30:00:30:00	COUNTER			
p:5	2018/11/01 17:33:26	esthefany	INT01	INTERNET	3347	1.5	1.5	2018:11:01:16:32:38	HOR_LIB	0	ALQUILER DE CABINA	1899:12:30:01:00:47	9	1	0	1899:12:30:00:55:47	1899:12:30:00:00:00	COUNTER			
p:6	2018/11/01 18:21:40	esthefany	INT01	INTERNET	872	0.5	0.5	2018:11:01:18:02:06	NORMAL	30	ALQUILER DE CABINA	1899:12:30:00:19:32	10	1	0	1899:12:30:00:14:32	1899:12:30:00:30:00	COUNTER			
p:7	2018/11/01 18:34:42	esthefany	INT01	INTERNET	3090	1.5	1.5	2018:11:01:17:38:11	NORMAL	60	ALQUILER DE CABINA	1899:12:30:00:56:30	9	1	53	1899:12:30:00:51:30	1899:12:30:01:00:00	COUNTER			
p:8	2018/11/01 18:40:38	esthefany	INT01	INTERNET	1503	1	1	2018:11:01:18:10:34	NORMAL	60	ALQUILER DE CABINA	1899:12:30:00:30:03	6	1	0	1899:12:30:00:25:03	1899:12:30:01:00:00	COUNTER			
p:9	2018/11/01 18:42:39	esthefany	INT01	INTERNET	3387	1.5	1.5	2018:11:01:17:41:11	HOR_LIB	0	ALQUILER DE CABINA	1899:12:30:01:01:27	5	1	0	1899:12:30:00:56:27	1899:12:30:00:00:00	COUNTER			
p:10	2018/11/01 18:58:11	esthefany	INT01	INTERNET	0	0	0	2018:11:01:18:57:54	NORMAL	15	ALQUILER DE CABINA	1899:12:30:00:00:16	5	1	0	1899:12:30:00:00:00	1899:12:30:00:15:00	COUNTER			
q:11	2018/11/01 19:05:39	esthefany	INT01	INTERNET	57	0	0	2018:11:01:18:59:43	HOR_GRA	1	ALQUILER DE CABINA	1899:12:30:00:05:57	9	1	191	1899:12:30:00:00:57	1899:12:30:00:01:00	COUNTER			
p:0	2018/11/01 19:18:37		INT01	INTERNET	900	0.5	0.5	2018:11:01:18:58:37	NORMAL	15	ALQUILER DE CABINA	1899:12:30:00:20:00	5	1	0	1899:12:30:00:15:00	1899:12:30:00:15:00	COUNTER			
q:1	2018/11/01 19:25:37	esthefany	INT01	INTERNET	0	0	0	2018:11:01:19:21:41	HOR_GRA	1	ALQUILER DE CABINA	1899:12:30:00:03:55	9	1	159	1899:12:30:00:00:00	1899:12:30:00:01:00	COUNTER			
p:2	2018/11/01 19:47:20	esthefany	INT01	INTERNET	3600	1.5	1.5	2018:11:01:18:42:20	NORMAL	60	ALQUILER DE CABINA	1899:12:30:01:05:00	6	1	0	1899:12:30:01:00:00	1899:12:30:01:00:00	COUNTER			
q:3	2018/11/01 19:48:28	esthefany	INT01	INTERNET	0	0	0	2018:11:01:19:47:46	HOR_GRA	1	ALQUILER DE CABINA	1899:12:30:00:00:41	6	1	0	1899:12:30:00:00:00	1899:12:30:00:01:00	COUNTER			
p:4	2018/11/01 19:50:45	esthefany	INT01	INTERNET	0	0	0	2018:11:01:19:47:25	HOR_LIB	0	ALQUILER DE CABINA	1899:12:30:00:03:20	9	1	6	1899:12:30:00:00:00	1899:12:30:00:00:00	COUNTER			
p:5	2018/11/01 20:20:34	esthefany	INT01	INTERNET	6875	3	3	2018:11:01:18:20:58	HOR_LIB	0	ALQUILER DE CABINA	1899:12:30:01:59:35	12	1	0	1899:12:30:01:54:35	1899:12:30:00:00:00	COUNTER			
p:6	2018/11/01 20:30:00	esthefany	INT01	INTERNET	749	0.5	0.5	2018:11:01:20:12:30	HOR_LIB	0	ALQUILER DE CABINA	1899:12:30:00:17:29	9	1	0	1899:12:30:00:12:29	1899:12:30:00:00:00	COUNTER			
p:7	2018/11/01 22:07:52	esthefany	INT01	INTERNET	13458	6	6	2018:11:01:18:18:33	HOR_LIB	0	ALQUILER DE CABINA	1899:12:30:03:49:18	11	1	0	1899:12:30:03:44:18	1899:12:30:00:00:00	COUNTER			
p:8	2018/11/01 23:07:17	esthefany	INT01	INTERNET	4703	2.5	2.5	2018:11:01:21:43:52	HOR_LIB	0	ALQUILER DE CABINA	1899:12:30:01:23:23	9	1	0	1899:12:30:01:18:23	1899:12:30:00:00:00	COUNTER			
p:0	2018/11/02 09:17:15	kerica	INT01	INTERNET	1257	1	1	2018:11:02:08:51:17	HOR_LIB	0	ALQUILER DE CABINA	1899:12:30:00:25:57	9	1	0	1899:12:30:00:20:57	1899:12:30:00:00:00	COUNTER			
q:1	2018/11/02 09:31:07	kerica	INT01	INTERNET	398	0	0	2018:11:02:09:19:28	HOR_GRA	60	ALQUILER DE CABINA	1899:12:30:00:11:38	12	1	0	1899:12:30:00:06:38	1899:12:30:01:00:00	COUNTER			
p:2	2018/11/02 09:38:52	kerica	INT01	INTERNET	176	0.5	0.5	2018:11:02:09:30:55	HOR_LIB	0	ALQUILER DE CABINA	1899:12:30:00:07:56	11	1	0	1899:12:30:00:02:56	1899:12:30:00:00:00	COUNTER			
p:3	2018/11/02 09:54:41	kerica	INT01	INTERNET	3080	1.5	1.5	2018:11:02:08:58:21	NORMAL	60	ALQUILER DE CABINA	1899:12:30:00:56:20	9	1	0	1899:12:30:00:51:20	1899:12:30:01:00:00	COUNTER			
q:4	2018/11/02 10:37:55	kerica	INT01	INTERNET	175	0	0	2018:11:02:10:29:59	HOR_GRA	60	ALQUILER DE CABINA	1899:12:30:00:07:55	11	1	0	1899:12:30:00:02:55	1899:12:30:01:00:00	COUNTER			
p:5	2018/11/02 11:04:48	kerica	INT01	INTERNET	4700	2.5	2.5	2018:11:02:09:41:28	HOR_LIB	0	ALQUILER DE CABINA	1899:12:30:01:23:20	12	1	0	1899:12:30:01:18:20	1899:12:30:00:00:00	COUNTER			
p:6	2018/11/02 11:22:08	kerica	INT01	INTERNET	1800	1	1	2018:11:02:10:47:07	NORMAL	30	ALQUILER DE CABINA	1899:12:30:00:35:00	9	1	0	1899:12:30:00:30:00	1899:12:30:00:30:00	COUNTER			
p:7	2018/11/02 11:23:59	kerica	INT01	INTERNET	384	0.5	0.5	2018:11:02:11:12:34	HOR_LIB	0	ALQUILER DE CABINA	1899:12:30:00:11:24	12	1	0	1899:12:30:00:06:24	1899:12:30:00:00:00	COUNTER			
p:8	2018/11/02 12:38:57	reynaldo	INT01	INTERNET	90	0.5	0.5	2018:11:02:12:32:26	NORMAL	15	ALQUILER DE CABINA	1899:12:30:00:06:30	12	1	0	1899:12:30:00:01:30	1899:12:30:00:15:00	COUNTER			
p:9	2018/11/02 12:39:11	reynaldo	INT01	INTERNET	3507	1.5	1.5	2018:11:02:11:35:44	HOR_LIB	0	ALQUILER DE CABINA	1899:12:30:01:03:27	5	1	0	1899:12:30:00:58:27	1899:12:30:00:00:00	COUNTER			
p:10	2018/11/02 13:31:31	esthefany	INT01	INTERNET	552	0.5	0.5	2018:11:02:13:17:18	NORMAL	30	ALQUILER DE CABINA	1899:12:30:00:14:12	12	1	0	1899:12:30:00:09:12	1899:12:30:00:30:00	COUNTER			
p:11	2018/11/02 14:05:08	esthefany	INT01	INTERNET	1115	1	1	2018:11:02:13:41:32	NORMAL	30	ALQUILER DE CABINA	1899:12:30:00:23:35	5	0	0	1899:12:30:00:18:35	1899:12:30:00:30:00	COUNTER			
p:12	2018/11/02 14:29:45	esthefany	INT01	INTERNET	4500	2	2	2018:11:02:13:09:44	NORMAL	75	ALQUILER DE CABINA	1899:12:30:01:20:00	4	1	0	1899:12:30:01:15:00	1899:12:30:01:15:00	COUNTER			
p:13	2018/11/02 14:39:25	esthefany	INT01	INTERNET	2261	1.5	1.5	2018:11:02:13:56:45	NORMAL	60	ALQUILER DE CABINA	1899:12:30:00:42:41	5	1	23	1899:12:30:00:37:41	1899:12:30:01:00:00	COUNTER			
p:14	2018/11/02 14:46:24	esthefany	INT01	INTERNET	465	0.5	0.5	2018:11:02:14:33:38	HOR_LIB	0	ALQUILER DE CABINA	1899:12:30:00:12:45	9	1	0	1899:12:30:00:07:45	1899:12:30:00:00:00	COUNTER			
p:15	2018/11/02 14:49:57	esthefany	INT01	INTERNET	900	0.5	0.5	2018:11:02:14:29:56	NORMAL	15	ALQUILER DE CABINA	1899:12:30:00:20:00	4	1	0	1899:12:30:00:15:00	1899:12:30:00:15:00	COUNTER			
q:16	2018/11/02 15:47:50	esthefany	INT01	INTERNET	586	0	0	2018:11:02:15:33:03	HOR_GRA	0	ALQUILER DE CABINA	1899:12:30:00:14:46	9	1	0	1899:12:30:00:09:46	1899:12:30:00:00:00	COUNTER			
p:17	2018/11/02 16:33:30	esthefany	INT01	INTERNET	900	0.5	0.5	2018:11:02:16:13:30	NORMAL	15	ALQUILER DE CABINA	1899:12:30:00:20:00	10	1	0	1899:12:30:00:15:00	1899:12:30:00:15:00	COUNTER			
p:18	2018/11/02 17:03:54	esthefany	INT01	INTERNET	900	0.5	0.5	2018:11:02:16:43:54	NORMAL	15	ALQUILER DE CABINA	1899:12:30:00:20:00	9	1	0	1899:12:30:00:15:00	1899:12:30:00:15:00	COUNTER			
p:19	2018/11/02 17:07:31	esthefany	INT01	INTERNET	5880	3	3	2018:11:02:15:24:30	HOR_LIB	0	ALQUILER DE CABINA	1899:12:30:01:43:00	4	1	0	1899:12:30:01:38:00	1899:12:30:00:00:00	COUNTER			
q:20	2018/11/02 17:11:27	esthefany	INT01	INTERNET	2011	0	0	2018:11:02:16:32:55	HOR_GRA	0	ALQUILER DE CABINA	1899:12:30:00:38:31	11	1	0	1899:12:30:00:33:31	1899:12:30:00:00:00	COUNTER			
p:21	2018/11/02 17:24:19	esthefany	INT01	INTERNET	900	0.5	0.5	2018:11:02:17:04:19	NORMAL	15	ALQUILER DE CABINA	1899:12:30:00:20:00	9	1	0	1899:12:30:00:15:00	1899:12:30:00:15:00	COUNTER			
p:22	2018/11/02 17:27:11	esthefany	INT01	INTERNET	0	0	0	2018:11:02:17:24:32	NORMAL	15	ALQUILER DE CABINA	1899:12:30:00:02:38	9	1	0	1899:12:30:00:00:00	1899:12:30:00:15:00	COUNTER			
p:23	2018/11/02 17:46:07	esthefany	INT01	INTERNET	1800	1	1	2018:11:02:17:11:07	NORMAL	30	ALQUILER DE CABINA	1899:12:30:00:35:00	5	1	0	1899:12:30:00:30:00	1899:12:30:00:30:00	COUNTER			
p:24	2018/11/02 18:21:36	esthefany	INT01	INTERNET	1800	1	1	2018:11:02:17:46:36	NORMAL	30	ALQUILER DE CABINA	1899:12:30:00:35:00	9	1	0	1899:12:30:00:30:00	1899:12:30:00:30:00	COUNTER			
p:25	2018/11/02 18:38:35	esthefany	INT01	INTERNET	670	0.5	0.5	2018:11:02:18:22:24	NORMAL	15	ALQUILER DE CABINA	1899:12:30:00:16:10	9	1	0	1899:12:30:00:11:10	1899:12:30:00:15:00	COUNTER			
q:26	2018/11/02 18:40:15	esthefany	INT01	INTERNET	15	0	0	2018:11:02:18:34:58	HOR_GRA	1	ALQUILER DE CABINA	1899:12:30:00:05:15	10	1	0	1899:12:30:00:00:15	1899:12:30:00:01:00	COUNTER			
p:0	2018/11/02 18:57:14	esthefany	INT01	INTERNET	998	1	1	2018:11:02:18:35:35	HOR_LIB	0	ALQUILER DE CABINA	1899:12:30:00:21:38	6	1	0	1899:12:30:00:16:38	1899:12:30:00:00:00	COUNTER			
p:1	2018/11/02 19:12:28	esthefany	INT01	INTERNET	1538	1	1	2018:11:02:18:41:50	NORMAL	30	ALQUILER DE CABINA	1899:12:30:00:30:38	4	1	0	1899:12:30:00:25:38	1899:12:30:00:30:00	COUNTER			
p:2	2018/11/02 19:18:17	esthefany	INT01	INTERNET	554	0.5	0.5	2018:11:02:19:04:02	NORMAL	30	ALQUILER DE CABINA	1899:12:30:00:14:14	9	1	8	1899:12:30:00:09:14	1899:12:30:00:30:00	COUNTER			
p:3	2018/11/02 20:04:09	esthefany	INT01	INTERNET	0	0	0	2018:11:02:20:00:01	HOR_LIB	0	ALQUILER DE CABINA	1899:12:30:00:04:07	6	1	0	1899:12:30:00:00:00	1899:12:30:00:00:00	COUNTER			
p:4	2018/11/02 20:04:32	esthefany	INT01	INTERNET	3137	1.5	1.5	2018:11:02:19:07:15	NORMAL	60	ALQUILER DE CABINA	1899:12:30:00:57:17	11	1	0	1899:12:30:00:52:17	1899:12:30:01:00:00	COUNTER			
p:5	2018/11/02 21:35:54	esthefany	INT01	INTERNET	6252	3	3	2018:11:02:19:46:41	NORMAL	120	ALQUILER DE CABINA	1899:12:30:01:49:12	9	1	0	1899:12:30:01:44:12	1899:12:30:02:00:00	COUNTER			
p:6	2018/11/02 21:38:54	esthefany	INT01	INTERNET	1158	1	1	2018:11:02:21:14:35	HOR_LIB	0	ALQUILER DE CABINA	1899:12:30:00:24:18	11	1	0	1899:12:30:00:19:18	1899:12:30:00:00:00	COUNTER			
p:7	2018/11/02 22:00:43	esthefany	INT01	INTERNET	0	0	0	2018:11:02:21:57:21	HOR_LIB	0	ALQUILER DE CABINA	1899:12:30:00:03:21	9	1	0	1899:12:30:00:00:00	1899:12:30:00:00:00	COUNTER			
p:8	2018/11/02 22:08:57	esthefany	INT01	INTERNET	5044	2.5	2.5	2018:11:02:20:39:52	NORMAL	90	ALQUILER DE CABINA	1899:12:30:01:29:04	4	1	0	1899:12:30:01:24:04	1899:12:30:01:30:00	COUNTER			
p:9	2018/11/02 23:16:01	esthefany	INT01	INTERNET	3399	1.5	1.5	2018:11:02:22:14:21	HOR_LIB	0	ALQUILER DE CABINA	1899:12:30:01:01:39	9	1	0	1899:12:30:00:56:39	1899:12:30:00:00:00	COUNTER			
q:0	2018/11/03 10:08:14	reynaldo	INT01	INTERNET	420	0	0	2018:11:03:09:56:13	HOR_GRA	0	ALQUILER DE CABINA	1899:12:30:00:12:00	9	1	0	1899:12:30:00:07:00	1899:12:30:00:00:00	COUNTER			
p:0	2018/11/03 10:55:40	admin	INT01	INTERNET	5238	2.5	2.5	2018:11:03:09:23:22	NORMAL	90	ALQUILER DE CABINA	1899:12:30:01:32:18	4	1	0	1899:12:30:01:27:18	1899:12:30:01:30:00	COUNTER			
p:1	2018/11/03 12:18:00	admin	INT01	INTERNET	3183	1.5	1.5	2018:11:03:11:19:55	HOR_LIB	0	ALQUILER DE CABINA	1899:12:30:00:58:03	9	1	0	1899:12:30:00:53:03	1899:12:30:00:00:00	COUNTER			
p:2	2018/11/03 12:28:11	admin	INT01	INTERNET	1429	1	1	2018:11:03:11:59:21	NORMAL	30	ALQUILER DE CABINA	1899:12:30:00:28:49	12	1	0	1899:12:30:00:23:49	1899:12:30:00:30:00	COUNTER			
p:3	2018/11/03 12:30:28	admin	INT01	INTERNET	6615	3	3	2018:11:03:10:35:12	HOR_LIB	0	ALQUILER DE CABINA	1899:12:30:01:55:15	11	1	0	1899:12:30:01:50:15	1899:12:30:00:00:00	COUNTER			
p:4	2018/11/03 12:38:52	admin	INT01	INTERNET	3105	1.5	1.5	2018:11:03:11:42:06	NORMAL	60	ALQUILER DE CABINA	1899:12:30:00:56:45	4	1	0	1899:12:30:00:51:45	1899:12:30:01:00:00	COUNTER			
p:5	2018/11/03 12:43:33	admin	INT01	INTERNET	1800	1	1	2018:11:03:12:08:33	NORMAL	30	ALQUILER DE CABINA	1899:12:30:00:35:00	5	1	0	1899:12:30:00:30:00	1899:12:30:00:30:00	COUNTER			
p:6	2018/11/03 13:52:00	esthefany	INT01	INTERNET	1716	1	1	2018:11:03:13:18:24	NORMAL	30	ALQUILER DE CABINA	1899:12:30:00:33:36	5	1	0	1899:12:30:00:28:36	1899:12:30:00:30:00	COUNTER			
p:7	2018/11/03 14:07:58	esthefany	INT01	INTERNET	2700	1.5	1.5	2018:11:03:13:17:58	NORMAL	45	ALQUILER DE CABINA	1899:12:30:00:50:00	6	1	0	1899:12:30:00:45:00	1899:12:30:00:45:00	COUNTER			
q:8	2018/11/03 14:10:04	esthefany	INT01	INTERNET	0	0	0	2018:11:03:14:08:41	HOR_GRA	1	ALQUILER DE CABINA	1899:12:30:00:01:22	6	1	0	1899:12:30:00:00:00	1899:12:30:00:01:00	COUNTER			
p:9	2018/11/03 14:35:20	esthefany	INT01	INTERNET	592	0.5	0.5	2018:11:03:14:20:26	NORMAL	15	ALQUILER DE CABINA	1899:12:30:00:14:52	9	1	0	1899:12:30:00:09:52	1899:12:30:00:15:00	COUNTER			
p:10	2018/11/03 14:56:18	esthefany	INT01	INTERNET	1569	1	1	2018:11:03:14:25:08	NORMAL	30	ALQUILER DE CABINA	1899:12:30:00:31:09	11	1	0	1899:12:30:00:26:09	1899:12:30:00:30:00	COUNTER			
p:11	2018/11/03 14:58:16	esthefany	INT01	INTERNET	4500	2	2	2018:11:03:13:38:16	NORMAL	75	ALQUILER DE CABINA	1899:12:30:01:20:00	12	1	0	1899:12:30:01:15:00	1899:12:30:01:15:00	COUNTER			
p:12	2018/11/03 14:58:36	esthefany	INT01	INTERNET	4333	2	2	2018:11:03:13:41:23	HOR_LIB	0	ALQUILER DE CABINA	1899:12:30:01:17:13	4	1	2426	1899:12:30:01:12:13	1899:12:30:00:00:00	COUNTER			
p:13	2018/11/03 15:04:53	esthefany	INT01	INTERNET	0	0	0	2018:11:03:15:02:36	HOR_LIB	0	ALQUILER DE CABINA	1899:12:30:00:02:17	6	1	18	1899:12:30:00:00:00	1899:12:30:00:00:00	COUNTER			
p:14	2018/11/03 15:12:08	esthefany	INT01	INTERNET	764	0.5	0.5	2018:11:03:14:54:23	NORMAL	30	ALQUILER DE CABINA	1899:12:30:00:17:44	8	1	0	1899:12:30:00:12:44	1899:12:30:00:30:00	COUNTER			
p:15	2018/11/03 15:46:25	esthefany	INT01	INTERNET	3600	1.5	1.5	2018:11:03:14:41:25	NORMAL	60	ALQUILER DE CABINA	1899:12:30:01:05:00	9	1	0	1899:12:30:01:00:00	1899:12:30:01:00:00	COUNTER			
p:16	2018/11/03 16:32:47	esthefany	INT01	INTERNET	0	0	0	2018:11:03:16:28:40	NORMAL	15	ALQUILER DE CABINA	1899:12:30:00:04:06	6	1	0	1899:12:30:00:00:00	1899:12:30:00:15:00	COUNTER			
p:17	2018/11/03 16:36:47	esthefany	INT01	INTERNET	2036	1.5	1.5	2018:11:03:15:57:50	NORMAL	45	ALQUILER DE CABINA	1899:12:30:00:38:56	9	1	0	1899:12:30:00:33:56	1899:12:30:00:45:00	COUNTER			
p:18	2018/11/03 18:29:53	esthefany	INT01	INTERNET	10615	4.5	4.5	2018:11:03:15:27:57	HOR_LIB	0	ALQUILER DE CABINA	1899:12:30:03:01:55	11	0	0	1899:12:30:02:56:55	1899:12:30:00:00:00	COUNTER			
p:19	2018/11/03 19:54:47	esthefany	INT01	INTERNET	890	0.5	0.5	2018:11:03:19:34:56	NORMAL	15	ALQUILER DE CABINA	1899:12:30:00:19:50	9	1	23	1899:12:30:00:14:50	1899:12:30:00:15:00	COUNTER			
p:20	2018/11/03 20:33:11	esthefany	INT01	INTERNET	0	0	0	2018:11:03:20:28:46	HOR_LIB	0	ALQUILER DE CABINA	1899:12:30:00:04:24	9	1	0	1899:12:30:00:00:00	1899:12:30:00:00:00	COUNTER			
p:21	2018/11/03 21:47:47	esthefany	INT01	INTERNET	1800	1	1	2018:11:03:21:12:47	NORMAL	30	ALQUILER DE CABINA	1899:12:30:00:35:00	5	1	0	1899:12:30:00:30:00	1899:12:30:00:30:00	COUNTER			
p:22	2018/11/03 21:49:34	esthefany	INT01	INTERNET	0	0	0	2018:11:03:21:48:16	HOR_LIB	0	ALQUILER DE CABINA	1899:12:30:00:01:16	5	1	0	1899:12:30:00:00:00	1899:12:30:00:00:00	COUNTER			
p:23	2018/11/03 22:13:32	esthefany	INT01	INTERNET	5009	2.5	2.5	2018:11:03:20:45:03	NORMAL	90	ALQUILER DE CABINA	1899:12:30:01:28:29	9	1	8	1899:12:30:01:23:29	1899:12:30:01:30:00	COUNTER			
p:24	2018/11/03 23:16:12	esthefany	INT01	INTERNET	154	0.5	0.5	2018:11:03:23:08:36	NORMAL	10	ALQUILER DE CABINA	1899:12:30:00:07:34	4	0	0	1899:12:30:00:02:34	1899:12:30:00:10:00	COUNTER			
p:25	2018/11/03 23:16:58	esthefany	INT01	INTERNET	395	0.5	0.5	2018:11:03:23:05:22	NORMAL	15	ALQUILER DE CABINA	1899:12:30:00:11:35	9	1	0	1899:12:30:00:06:35	1899:12:30:00:15:00	COUNTER			
p:0	2018/11/04 11:46:28	admin	INT01	INTERNET	4083	2	2	2018:11:04:10:33:25	HOR_LIB	0	ALQUILER DE CABINA	1899:12:30:01:13:03	12	1	0	1899:12:30:01:08:03	1899:12:30:00:00:00	COUNTER			
p:0	2018/11/04 12:26:02	admin	INT01	INTERNET	744	0.5	0.5	2018:11:04:12:08:37	NORMAL	15	ALQUILER DE CABINA	1899:12:30:00:17:24	12	1	0	1899:12:30:00:12:24	1899:12:30:00:15:00	COUNTER			
p:0	2018/11/04 14:28:56	reynaldo	INT01	INTERNET	727	0.5	0.5	2018:11:04:14:11:48	NORMAL	15	ALQUILER DE CABINA	1899:12:30:00:17:07	4	1	0	1899:12:30:00:12:07	1899:12:30:00:15:00	COUNTER			
p:1	2018/11/04 15:13:49	reynaldo	INT01	INTERNET	1800	1	1	2018:11:04:14:38:48	NORMAL	30	ALQUILER DE CABINA	1899:12:30:00:35:00	12	1	0	1899:12:30:00:30:00	1899:12:30:00:30:00	COUNTER			
q:2	2018/11/04 15:17:10	reynaldo	INT01	INTERNET	0	0	0	2018:11:04:15:13:58	HOR_GRA	1	ALQUILER DE CABINA	1899:12:30:00:03:12	12	1	0	1899:12:30:00:00:00	1899:12:30:00:01:00	COUNTER			
p:3	2018/11/04 15:56:29	reynaldo	INT01	INTERNET	264	0.5	0.5	2018:11:04:15:47:03	NORMAL	30	ALQUILER DE CABINA	1899:12:30:00:09:24	12	1	0	1899:12:30:00:04:24	1899:12:30:00:30:00	COUNTER			
p:4	2018/11/04 17:06:24	reynaldo	INT01	INTERNET	1600	1	1	2018:11:04:16:34:43	NORMAL	30	ALQUILER DE CABINA	1899:12:30:00:31:40	12	1	0	1899:12:30:00:26:40	1899:12:30:00:30:00	COUNTER			
p:5	2018/11/04 17:47:22	reynaldo	INT01	INTERNET	1800	1	1	2018:11:04:17:12:22	NORMAL	30	ALQUILER DE CABINA	1899:12:30:00:35:00	12	1	0	1899:12:30:00:30:00	1899:12:30:00:30:00	COUNTER			
q:6	2018/11/04 17:49:56	reynaldo	INT01	INTERNET	0	0	0	2018:11:04:17:48:03	HOR_GRA	1	ALQUILER DE CABINA	1899:12:30:00:01:53	12	1	0	1899:12:30:00:00:00	1899:12:30:00:01:00	COUNTER			
q:7	2018/11/04 18:32:44	reynaldo	INT01	INTERNET	0	0	0	2018:11:04:18:32:16	HOR_GRA	1	ALQUILER DE CABINA	1899:12:30:00:00:27	12	1	0	1899:12:30:00:00:00	1899:12:30:00:01:00	COUNTER			
q:8	2018/11/04 18:38:55	reynaldo	INT01	INTERNET	0	0	0	2018:11:04:18:34:31	HOR_GRA	1	ALQUILER DE CABINA	1899:12:30:00:04:23	10	1	0	1899:12:30:00:00:00	1899:12:30:00:01:00	COUNTER			
p:9	2018/11/04 19:00:28	reynaldo	INT01	INTERNET	5298	2.5	2.5	2018:11:04:17:27:09	NORMAL	90	ALQUILER DE CABINA	1899:12:30:01:33:18	4	1	0	1899:12:30:01:28:18	1899:12:30:01:30:00	COUNTER			
p:10	2018/11/04 19:31:59	reynaldo	INT01	INTERNET	1521	1	1	2018:11:04:19:01:38	NORMAL	30	ALQUILER DE CABINA	1899:12:30:00:30:21	10	1	0	1899:12:30:00:25:21	1899:12:30:00:30:00	COUNTER			
p:11	2018/11/04 19:36:06	reynaldo	INT01	INTERNET	900	0.5	0.5	2018:11:04:19:16:06	NORMAL	15	ALQUILER DE CABINA	1899:12:30:00:20:00	12	1	0	1899:12:30:00:15:00	1899:12:30:00:15:00	COUNTER			
p:12	2018/11/04 19:41:33	reynaldo	INT01	INTERNET	0	0	0	2018:11:04:19:37:13	HOR_LIB	0	ALQUILER DE CABINA	1899:12:30:00:04:19	12	1	0	1899:12:30:00:00:00	1899:12:30:00:00:00	COUNTER			
q:13	2018/11/04 19:47:19	reynaldo	INT01	INTERNET	22	0	0	2018:11:04:19:41:56	HOR_GRA	0	ALQUILER DE CABINA	1899:12:30:00:05:22	12	1	0	1899:12:30:00:00:22	1899:12:30:00:00:00	COUNTER			
p:14	2018/11/04 19:50:28	reynaldo	INT01	INTERNET	313	0.5	0.5	2018:11:04:19:40:14	HOR_LIB	0	ALQUILER DE CABINA	1899:12:30:00:10:13	10	1	0	1899:12:30:00:05:13	1899:12:30:00:00:00	COUNTER			
p:15	2018/11/04 19:57:43	reynaldo	INT01	INTERNET	231	0.5	0.5	2018:11:04:19:48:51	HOR_LIB	0	ALQUILER DE CABINA	1899:12:30:00:08:51	12	1	0	1899:12:30:00:03:51	1899:12:30:00:00:00	COUNTER			
p:16	2018/11/04 20:20:45	reynaldo	INT01	INTERNET	0	0	0	2018:11:04:20:16:09	HOR_LIB	0	ALQUILER DE CABINA	1899:12:30:00:04:35	12	1	0	1899:12:30:00:00:00	1899:12:30:00:00:00	COUNTER			
p:17	2018/11/04 20:32:30	reynaldo	INT01	INTERNET	1800	1	1	2018:11:04:19:57:30	NORMAL	30	ALQUILER DE CABINA	1899:12:30:00:35:00	10	1	0	1899:12:30:00:30:00	1899:12:30:00:30:00	COUNTER			
p:18	2018/11/04 20:34:28	reynaldo	INT01	INTERNET	0	0	0	2018:11:04:20:32:45	NORMAL	15	ALQUILER DE CABINA	1899:12:30:00:01:42	10	1	0	1899:12:30:00:00:00	1899:12:30:00:15:00	COUNTER			
p:19	2018/11/04 20:39:53	reynaldo	INT01	INTERNET	900	0.5	0.5	2018:11:04:20:19:52	NORMAL	15	ALQUILER DE CABINA	1899:12:30:00:20:00	11	1	0	1899:12:30:00:15:00	1899:12:30:00:15:00	COUNTER			
p:20	2018/11/04 20:43:47	reynaldo	INT01	INTERNET	0	0	0	2018:11:04:20:40:42	HOR_LIB	0	ALQUILER DE CABINA	1899:12:30:00:03:03	9	1	0	1899:12:30:00:00:00	1899:12:30:00:00:00	COUNTER			
p:21	2018/11/04 21:40:01	reynaldo	INT01	INTERNET	378	0.5	0.5	2018:11:04:21:28:42	HOR_LIB	0	ALQUILER DE CABINA	1899:12:30:00:11:18	9	1	0	1899:12:30:00:06:18	1899:12:30:00:00:00	COUNTER			
p:22	2018/11/04 21:41:57	reynaldo	INT01	INTERNET	5285	2.5	2.5	2018:11:04:20:08:51	NORMAL	90	ALQUILER DE CABINA	1899:12:30:01:33:05	4	1	0	1899:12:30:01:28:05	1899:12:30:01:30:00	COUNTER			
p:23	2018/11/04 21:46:26	reynaldo	INT01	INTERNET	3600	1.5	1.5	2018:11:04:20:41:26	NORMAL	60	ALQUILER DE CABINA	1899:12:30:01:05:00	5	1	0	1899:12:30:01:00:00	1899:12:30:01:00:00	COUNTER			
p:24	2018/11/04 22:20:30	reynaldo	INT01	INTERNET	3600	1.5	1.5	2018:11:04:21:15:30	NORMAL	60	ALQUILER DE CABINA	1899:12:30:01:05:00	4	1	0	1899:12:30:01:00:00	1899:12:30:01:00:00	COUNTER			
p:25	2018/11/04 22:34:37	reynaldo	INT01	INTERNET	3153	1.5	1.5	2018:11:04:21:37:03	NORMAL	60	ALQUILER DE CABINA	1899:12:30:00:57:33	11	1	0	1899:12:30:00:52:33	1899:12:30:01:00:00	COUNTER			
q:26	2018/11/04 22:45:23	reynaldo	INT01	INTERNET	66	0	0	2018:11:04:22:39:16	HOR_GRA	0	ALQUILER DE CABINA	1899:12:30:00:06:06	9	1	0	1899:12:30:00:01:06	1899:12:30:00:00:00	COUNTER			
p:27	2018/11/04 22:54:53	reynaldo	INT01	INTERNET	1747	1	1	2018:11:04:22:20:46	NORMAL	30	ALQUILER DE CABINA	1899:12:30:00:34:07	4	1	0	1899:12:30:00:29:07	1899:12:30:00:30:00	COUNTER			
p:28	2018/11/04 23:01:35	reynaldo	INT01	INTERNET	4176	2	2	2018:11:04:21:46:58	NORMAL	75	ALQUILER DE CABINA	1899:12:30:01:14:36	5	1	0	1899:12:30:01:09:36	1899:12:30:01:15:00	COUNTER			
p:0	2018/11/05 09:02:11	admin	INT01	INTERNET	0	0	0	2018:11:05:08:57:50	HOR_LIB	0	ALQUILER DE CABINA	1899:12:30:00:04:20	9	1	0	1899:12:30:00:00:00	1899:12:30:00:00:00	COUNTER			
q:1	2018/11/05 09:17:31	admin	INT01	INTERNET	174	0	0	2018:11:05:09:09:36	HOR_GRA	0	ALQUILER DE CABINA	1899:12:30:00:07:54	5	1	0	1899:12:30:00:02:54	1899:12:30:00:00:00	COUNTER			
p:2	2018/11/05 09:30:46	admin	INT01	INTERNET	782	0.5	0.5	2018:11:05:09:12:43	HOR_LIB	0	ALQUILER DE CABINA	1899:12:30:00:18:02	9	1	0	1899:12:30:00:13:02	1899:12:30:00:00:00	COUNTER			
p:3	2018/11/05 09:48:33	admin	INT01	INTERNET	567	0.5	0.5	2018:11:05:09:34:06	HOR_LIB	0	ALQUILER DE CABINA	1899:12:30:00:14:27	9	1	0	1899:12:30:00:09:27	1899:12:30:00:00:00	COUNTER			
p:4	2018/11/05 10:10:23	admin	INT01	INTERNET	0	0	0	2018:11:05:10:08:02	NORMAL	30	ALQUILER DE CABINA	1899:12:30:00:02:20	5	1	0	1899:12:30:00:00:00	1899:12:30:00:30:00	COUNTER			
p:5	2018/11/05 10:10:50	admin	INT01	INTERNET	260	0.5	0.5	2018:11:05:10:01:29	HOR_LIB	0	ALQUILER DE CABINA	1899:12:30:00:09:20	9	1	0	1899:12:30:00:04:20	1899:12:30:00:00:00	COUNTER			
p:6	2018/11/05 10:39:57	admin	INT01	INTERNET	5452	3	3	2018:11:05:09:04:04	NORMAL	105	ALQUILER DE CABINA	1899:12:30:01:35:52	11	1	0	1899:12:30:01:30:52	1899:12:30:01:45:00	COUNTER			
p:7	2018/11/05 11:16:32	admin	INT01	INTERNET	3664	2	2	2018:11:05:10:10:27	NORMAL	90	ALQUILER DE CABINA	1899:12:30:01:06:04	4	0	0	1899:12:30:01:01:04	1899:12:30:01:30:00	COUNTER			
p:8	2018/11/05 11:55:20	admin	INT01	INTERNET	1	0.5	0.5	2018:11:05:11:50:19	HOR_LIB	0	ALQUILER DE CABINA	1899:12:30:00:05:01	11	1	0	1899:12:30:00:00:01	1899:12:30:00:00:00	COUNTER			
p:9	2018/11/05 12:17:37	reynaldo	INT01	INTERNET	1059	1	1	2018:11:05:11:54:57	NORMAL	30	ALQUILER DE CABINA	1899:12:30:00:22:39	4	1	0	1899:12:30:00:17:39	1899:12:30:00:30:00	COUNTER			
p:10	2018/11/05 12:50:11	reynaldo	INT01	INTERNET	587	0.5	0.5	2018:11:05:12:35:22	HOR_LIB	0	ALQUILER DE CABINA	1899:12:30:00:14:47	11	1	0	1899:12:30:00:09:47	1899:12:30:00:00:00	COUNTER			
p:11	2018/11/05 13:09:27	reynaldo	INT01	INTERNET	304	0.5	0.5	2018:11:05:12:59:22	HOR_LIB	0	ALQUILER DE CABINA	1899:12:30:00:10:04	11	1	0	1899:12:30:00:05:04	1899:12:30:00:00:00	COUNTER			
p:12	2018/11/05 14:04:50	esthefany	INT01	INTERNET	3337	1.5	1.5	2018:11:05:13:04:12	NORMAL	60	ALQUILER DE CABINA	1899:12:30:01:00:37	4	1	0	1899:12:30:00:55:37	1899:12:30:01:00:00	COUNTER			
p:13	2018/11/05 15:02:05	esthefany	INT01	INTERNET	12359	5.5	5.5	2018:11:05:11:31:05	HOR_LIB	0	ALQUILER DE CABINA	1899:12:30:03:30:59	9	0	0	1899:12:30:03:25:59	1899:12:30:00:00:00	COUNTER			
p:14	2018/11/05 15:32:59	esthefany	INT01	INTERNET	258	0.5	0.5	2018:11:05:15:23:40	NORMAL	30	ALQUILER DE CABINA	1899:12:30:00:09:18	9	1	0	1899:12:30:00:04:18	1899:12:30:00:30:00	COUNTER			
p:15	2018/11/05 16:02:20	esthefany	INT01	INTERNET	3318	1.5	1.5	2018:11:05:15:02:01	NORMAL	60	ALQUILER DE CABINA	1899:12:30:01:00:18	4	1	0	1899:12:30:00:55:18	1899:12:30:01:00:00	COUNTER			
p:16	2018/11/05 16:33:36	esthefany	INT01	INTERNET	616	0.5	0.5	2018:11:05:16:18:19	NORMAL	15	ALQUILER DE CABINA	1899:12:30:00:15:16	5	1	0	1899:12:30:00:10:16	1899:12:30:00:15:00	COUNTER			
q:17	2018/11/05 16:33:48	esthefany	INT01	INTERNET	703	0	0	2018:11:05:16:17:04	HOR_GRA	0	ALQUILER DE CABINA	1899:12:30:00:16:43	11	1	0	1899:12:30:00:11:43	1899:12:30:00:00:00	COUNTER			
p:18	2018/11/05 16:49:22	esthefany	INT01	INTERNET	3418	1.5	1.5	2018:11:05:15:47:23	NORMAL	60	ALQUILER DE CABINA	1899:12:30:01:01:58	9	1	0	1899:12:30:00:56:58	1899:12:30:01:00:00	COUNTER			
p:19	2018/11/05 16:59:34	esthefany	INT01	INTERNET	959	1	1	2018:11:05:16:38:33	NORMAL	30	ALQUILER DE CABINA	1899:12:30:00:20:59	8	1	0	1899:12:30:00:15:59	1899:12:30:00:30:00	COUNTER			
p:20	2018/11/05 17:16:20	esthefany	INT01	INTERNET	3358	1.5	1.5	2018:11:05:16:15:21	NORMAL	60	ALQUILER DE CABINA	1899:12:30:01:00:58	4	1	0	1899:12:30:00:55:58	1899:12:30:01:00:00	COUNTER			
p:21	2018/11/05 17:58:22	esthefany	INT01	INTERNET	1592	1	1	2018:11:05:17:26:50	NORMAL	30	ALQUILER DE CABINA	1899:12:30:00:31:32	4	1	0	1899:12:30:00:26:32	1899:12:30:00:30:00	COUNTER			
p:22	2018/11/05 17:58:25	esthefany	INT01	INTERNET	1597	1	1	2018:11:05:17:26:47	NORMAL	30	ALQUILER DE CABINA	1899:12:30:00:31:37	9	1	0	1899:12:30:00:26:37	1899:12:30:00:30:00	COUNTER			
p:23	2018/11/05 18:16:16	esthefany	INT01	INTERNET	1699	1	1	2018:11:05:17:42:56	NORMAL	30	ALQUILER DE CABINA	1899:12:30:00:33:19	11	1	0	1899:12:30:00:28:19	1899:12:30:00:30:00	COUNTER			
p:24	2018/11/05 18:53:54	esthefany	INT01	INTERNET	1582	1	1	2018:11:05:18:22:31	NORMAL	30	ALQUILER DE CABINA	1899:12:30:00:31:22	9	1	0	1899:12:30:00:26:22	1899:12:30:00:30:00	COUNTER			
p:25	2018/11/05 19:43:48	esthefany	INT01	INTERNET	7200	3	3	2018:11:05:17:38:47	NORMAL	120	ALQUILER DE CABINA	1899:12:30:02:05:00	5	1	15	1899:12:30:02:00:00	1899:12:30:02:00:00	COUNTER			
p:26	2018/11/05 20:02:32	esthefany	INT01	INTERNET	889	0.5	0.5	2018:11:05:19:42:42	HOR_LIB	0	ALQUILER DE CABINA	1899:12:30:00:19:49	9	1	0	1899:12:30:00:14:49	1899:12:30:00:00:00	COUNTER			
q:27	2018/11/05 20:21:14	esthefany	INT01	INTERNET	0	0	0	2018:11:05:20:20:04	HOR_GRA	0	ALQUILER DE CABINA	1899:12:30:00:01:09	8	1	0	1899:12:30:00:00:00	1899:12:30:00:00:00	COUNTER			
p:28	2018/11/05 20:37:33	esthefany	INT01	INTERNET	2886	1.5	1.5	2018:11:05:19:44:26	NORMAL	60	ALQUILER DE CABINA	1899:12:30:00:53:06	5	1	0	1899:12:30:00:48:06	1899:12:30:01:00:00	COUNTER			
p:29	2018/11/05 20:47:15	esthefany	INT01	INTERNET	901	1	1	2018:11:05:20:27:14	NORMAL	15	ALQUILER DE CABINA	1899:12:30:00:20:01	8	1	0	1899:12:30:00:15:01	1899:12:30:00:15:00	COUNTER			
p:30	2018/11/05 21:03:14	esthefany	INT01	INTERNET	344	0.5	0.5	2018:11:05:20:52:28	HOR_LIB	0	ALQUILER DE CABINA	1899:12:30:00:10:44	8	1	0	1899:12:30:00:05:44	1899:12:30:00:00:00	COUNTER			
p:31	2018/11/05 21:46:37	esthefany	INT01	INTERNET	3385	1.5	1.5	2018:11:05:20:45:11	NORMAL	60	ALQUILER DE CABINA	1899:12:30:01:01:25	5	1	0	1899:12:30:00:56:25	1899:12:30:01:00:00	COUNTER			
p:32	2018/11/05 22:05:45	esthefany	INT01	INTERNET	5255	2.5	2.5	2018:11:05:20:33:10	NORMAL	90	ALQUILER DE CABINA	1899:12:30:01:32:35	4	1	0	1899:12:30:01:27:35	1899:12:30:01:30:00	COUNTER			
p:33	2018/11/05 22:15:47	esthefany	INT01	INTERNET	0	0	0	2018:11:05:22:10:46	HOR_LIB	0	ALQUILER DE CABINA	1899:12:30:00:04:59	5	1	0	1899:12:30:00:00:00	1899:12:30:00:00:00	COUNTER			
p:34	2018/11/05 22:32:15	esthefany	INT01	INTERNET	3469	1.5	1.5	2018:11:05:21:29:26	NORMAL	60	ALQUILER DE CABINA	1899:12:30:01:02:49	12	1	0	1899:12:30:00:57:49	1899:12:30:01:00:00	COUNTER			
p:35	2018/11/05 22:53:40	esthefany	INT01	INTERNET	449	0.5	0.5	2018:11:05:22:41:10	HOR_LIB	0	ALQUILER DE CABINA	1899:12:30:00:12:29	8	1	0	1899:12:30:00:07:29	1899:12:30:00:00:00	COUNTER			
p:36	2018/11/05 23:19:06	esthefany	INT01	INTERNET	10440	4.5	4.5	2018:11:05:20:20:05	NORMAL	180	ALQUILER DE CABINA	1899:12:30:02:59:00	9	1	421	1899:12:30:02:54:00	1899:12:30:03:00:00	COUNTER			
p:0	2018/11/06 09:45:15	kerica	INT01	INTERNET	900	0.5	0.5	2018:11:06:09:25:15	NORMAL	15	ALQUILER DE CABINA	1899:12:30:00:20:00	9	1	0	1899:12:30:00:15:00	1899:12:30:00:15:00	COUNTER			
p:1	2018/11/06 10:01:38	kerica	INT01	INTERNET	663	0.5	0.5	2018:11:06:09:45:35	NORMAL	15	ALQUILER DE CABINA	1899:12:30:00:16:03	9	1	0	1899:12:30:00:11:03	1899:12:30:00:15:00	COUNTER			
p:2	2018/11/06 10:04:47	kerica	INT01	INTERNET	900	0.5	0.5	2018:11:06:09:44:47	NORMAL	15	ALQUILER DE CABINA	1899:12:30:00:20:00	11	1	0	1899:12:30:00:15:00	1899:12:30:00:15:00	COUNTER			
p:3	2018/11/06 11:06:54	reynaldo	INT01	INTERNET	4218	2	2	2018:11:06:09:51:36	NORMAL	75	ALQUILER DE CABINA	1899:12:30:01:15:18	12	1	0	1899:12:30:01:10:18	1899:12:30:01:15:00	COUNTER			
p:4	2018/11/06 11:45:37	reynaldo	INT01	INTERNET	3187	1.5	1.5	2018:11:06:10:47:30	NORMAL	60	ALQUILER DE CABINA	1899:12:30:00:58:07	9	1	0	1899:12:30:00:53:07	1899:12:30:01:00:00	COUNTER			
p:5	2018/11/06 11:52:01	reynaldo	INT01	INTERNET	7005	3	3	2018:11:06:09:50:15	HOR_LIB	0	ALQUILER DE CABINA	1899:12:30:02:01:45	10	1	0	1899:12:30:01:56:45	1899:12:30:00:00:00	COUNTER			
p:6	2018/11/06 11:52:11	reynaldo	INT01	INTERNET	3367	1.5	1.5	2018:11:06:10:51:03	HOR_LIB	0	ALQUILER DE CABINA	1899:12:30:01:01:07	11	1	0	1899:12:30:00:56:07	1899:12:30:00:00:00	COUNTER			
p:7	2018/11/06 12:13:19	esthefany	INT01	INTERNET	1230	1	1	2018:11:06:11:47:48	NORMAL	30	ALQUILER DE CABINA	1899:12:30:00:25:30	9	1	0	1899:12:30:00:20:30	1899:12:30:00:30:00	COUNTER			
p:8	2018/11/06 12:49:26	esthefany	INT01	INTERNET	3136	1.5	1.5	2018:11:06:11:52:08	HOR_LIB	0	ALQUILER DE CABINA	1899:12:30:00:57:16	10	1	0	1899:12:30:00:52:16	1899:12:30:00:00:00	COUNTER			
p:9	2018/11/06 13:54:46	esthefany	INT01	INTERNET	3600	1.5	1.5	2018:11:06:12:49:46	NORMAL	60	ALQUILER DE CABINA	1899:12:30:01:05:00	10	1	0	1899:12:30:01:00:00	1899:12:30:01:00:00	COUNTER			
p:10	2018/11/06 15:22:59	esthefany	INT01	INTERNET	2210	1.5	1.5	2018:11:06:14:41:08	HOR_LIB	0	ALQUILER DE CABINA	1899:12:30:00:41:50	9	1	0	1899:12:30:00:36:50	1899:12:30:00:00:00	COUNTER			
p:11	2018/11/06 15:45:45	esthefany	INT01	INTERNET	563	0.5	0.5	2018:11:06:15:31:23	HOR_LIB	0	ALQUILER DE CABINA	1899:12:30:00:14:23	9	1	13	1899:12:30:00:09:23	1899:12:30:00:00:00	COUNTER			
p:12	2018/11/06 16:13:21	esthefany	INT01	INTERNET	6962	3	3	2018:11:06:14:12:17	HOR_LIB	0	ALQUILER DE CABINA	1899:12:30:02:01:02	11	0	0	1899:12:30:01:56:02	1899:12:30:00:00:00	COUNTER			
p:13	2018/11/06 16:44:51	esthefany	INT01	INTERNET	1253	1	1	2018:11:06:16:18:57	NORMAL	30	ALQUILER DE CABINA	1899:12:30:00:25:53	5	1	0	1899:12:30:00:20:53	1899:12:30:00:30:00	COUNTER			
p:14	2018/11/06 16:46:47	esthefany	INT01	INTERNET	7200	3	3	2018:11:06:14:41:46	NORMAL	120	ALQUILER DE CABINA	1899:12:30:02:05:00	4	1	0	1899:12:30:02:00:00	1899:12:30:02:00:00	COUNTER			
p:15	2018/11/06 17:05:10	esthefany	INT01	INTERNET	0	0	0	2018:11:06:17:02:59	HOR_LIB	0	ALQUILER DE CABINA	1899:12:30:00:02:10	4	1	215	1899:12:30:00:00:00	1899:12:30:00:00:00	COUNTER			
p:16	2018/11/06 17:56:06	esthefany	INT01	INTERNET	466	0.5	0.5	2018:11:06:17:43:19	HOR_LIB	0	ALQUILER DE CABINA	1899:12:30:00:12:46	5	1	0	1899:12:30:00:07:46	1899:12:30:00:00:00	COUNTER			
p:17	2018/11/06 18:09:54	esthefany	INT01	INTERNET	3440	1.5	1.5	2018:11:06:17:07:33	NORMAL	60	ALQUILER DE CABINA	1899:12:30:01:02:20	9	1	0	1899:12:30:00:57:20	1899:12:30:01:00:00	COUNTER			
p:18	2018/11/06 18:19:26	esthefany	INT01	INTERNET	1547	1	1	2018:11:06:17:48:38	NORMAL	30	ALQUILER DE CABINA	1899:12:30:00:30:47	6	1	0	1899:12:30:00:25:47	1899:12:30:00:30:00	COUNTER			
p:19	2018/11/06 18:26:02	esthefany	INT01	INTERNET	1672	1	1	2018:11:06:17:53:10	NORMAL	30	ALQUILER DE CABINA	1899:12:30:00:32:52	4	1	215	1899:12:30:00:27:52	1899:12:30:00:30:00	COUNTER			
p:20	2018/11/06 18:26:06	esthefany	INT01	INTERNET	1679	1	1	2018:11:06:17:53:06	NORMAL	30	ALQUILER DE CABINA	1899:12:30:00:32:59	11	1	0	1899:12:30:00:27:59	1899:12:30:00:30:00	COUNTER			
p:21	2018/11/06 18:27:04	esthefany	INT01	INTERNET	900	0.5	0.5	2018:11:06:18:07:04	NORMAL	15	ALQUILER DE CABINA	1899:12:30:00:20:00	9	1	0	1899:12:30:00:15:00	1899:12:30:00:15:00	COUNTER			
p:22	2018/11/06 18:28:45	esthefany	INT01	INTERNET	106	0.5	0.5	2018:11:06:18:21:58	HOR_LIB	0	ALQUILER DE CABINA	1899:12:30:00:06:46	8	1	0	1899:12:30:00:01:46	1899:12:30:00:00:00	COUNTER			
q:23	2018/11/06 18:34:12	esthefany	INT01	INTERNET	60	0	0	2018:11:06:18:28:11	HOR_GRA	1	ALQUILER DE CABINA	1899:12:30:00:06:00	9	1	0	1899:12:30:00:01:00	1899:12:30:00:01:00	COUNTER			
p:24	2018/11/06 18:39:13	esthefany	INT01	INTERNET	186	0.5	0.5	2018:11:06:18:31:05	HOR_LIB	0	ALQUILER DE CABINA	1899:12:30:00:08:06	8	1	0	1899:12:30:00:03:06	1899:12:30:00:00:00	COUNTER			
q:25	2018/11/06 18:48:47	esthefany	INT01	INTERNET	549	0	0	2018:11:06:18:34:37	HOR_GRA	0	ALQUILER DE CABINA	1899:12:30:00:14:09	9	1	0	1899:12:30:00:09:09	1899:12:30:00:00:00	COUNTER			
p:26	2018/11/06 19:14:49	esthefany	INT01	INTERNET	1135	1	1	2018:11:06:18:50:53	NORMAL	30	ALQUILER DE CABINA	1899:12:30:00:23:55	4	1	0	1899:12:30:00:18:55	1899:12:30:00:30:00	COUNTER			
p:27	2018/11/06 19:21:14	esthefany	INT01	INTERNET	4275	2	2	2018:11:06:18:04:58	NORMAL	75	ALQUILER DE CABINA	1899:12:30:01:16:15	5	1	0	1899:12:30:01:11:15	1899:12:30:01:15:00	COUNTER			
p:28	2018/11/06 19:21:17	esthefany	INT01	INTERNET	4196	2	2	2018:11:06:18:06:20	NORMAL	75	ALQUILER DE CABINA	1899:12:30:01:14:56	10	1	0	1899:12:30:01:09:56	1899:12:30:01:15:00	COUNTER			
p:0	2018/11/06 19:57:09	esthefany	INT01	INTERNET	29	0.5	0.5	2018:11:06:19:51:39	HOR_LIB	0	ALQUILER DE CABINA	1899:12:30:00:05:29	6	1	0	1899:12:30:00:00:29	1899:12:30:00:00:00	COUNTER			
p:1	2018/11/06 20:07:21	esthefany	INT01	INTERNET	2687	1.5	1.5	2018:11:06:19:17:34	NORMAL	45	ALQUILER DE CABINA	1899:12:30:00:49:47	4	1	0	1899:12:30:00:44:47	1899:12:30:00:45:00	COUNTER			
p:2	2018/11/06 20:11:35	esthefany	INT01	INTERNET	1556	1	1	2018:11:06:19:40:39	NORMAL	30	ALQUILER DE CABINA	1899:12:30:00:30:56	5	1	0	1899:12:30:00:25:56	1899:12:30:00:30:00	COUNTER			
p:3	2018/11/06 20:19:00	esthefany	INT01	INTERNET	1800	1	1	2018:11:06:19:44:00	NORMAL	30	ALQUILER DE CABINA	1899:12:30:00:35:00	9	1	0	1899:12:30:00:30:00	1899:12:30:00:30:00	COUNTER			
p:4	2018/11/06 20:39:28	esthefany	INT01	INTERNET	900	0.5	0.5	2018:11:06:20:19:27	NORMAL	15	ALQUILER DE CABINA	1899:12:30:00:20:00	9	1	0	1899:12:30:00:15:00	1899:12:30:00:15:00	COUNTER			
p:5	2018/11/06 20:43:27	esthefany	INT01	INTERNET	16	0.5	0.5	2018:11:06:20:38:11	HOR_LIB	0	ALQUILER DE CABINA	1899:12:30:00:05:16	5	1	0	1899:12:30:00:00:16	1899:12:30:00:00:00	COUNTER			
p:6	2018/11/06 20:52:24	esthefany	INT01	INTERNET	86	0.5	0.5	2018:11:06:20:45:58	HOR_LIB	0	ALQUILER DE CABINA	1899:12:30:00:06:26	5	1	0	1899:12:30:00:01:26	1899:12:30:00:00:00	COUNTER			
p:7	2018/11/06 20:59:54	esthefany	INT01	INTERNET	900	0.5	0.5	2018:11:06:20:39:54	NORMAL	15	ALQUILER DE CABINA	1899:12:30:00:20:00	9	1	0	1899:12:30:00:15:00	1899:12:30:00:15:00	COUNTER			
p:8	2018/11/06 21:20:09	esthefany	INT01	INTERNET	900	0.5	0.5	2018:11:06:21:00:09	NORMAL	15	ALQUILER DE CABINA	1899:12:30:00:20:00	9	1	0	1899:12:30:00:15:00	1899:12:30:00:15:00	COUNTER			
p:9	2018/11/06 21:47:02	esthefany	INT01	INTERNET	3495	1.5	1.5	2018:11:06:20:43:47	NORMAL	60	ALQUILER DE CABINA	1899:12:30:01:03:15	4	1	0	1899:12:30:00:58:15	1899:12:30:01:00:00	COUNTER			
p:10	2018/11/06 21:58:00	esthefany	INT01	INTERNET	3285	1.5	1.5	2018:11:06:20:58:15	NORMAL	60	ALQUILER DE CABINA	1899:12:30:00:59:45	11	1	0	1899:12:30:00:54:45	1899:12:30:01:00:00	COUNTER			
p:11	2018/11/06 21:59:48	esthefany	INT01	INTERNET	488	0.5	0.5	2018:11:06:21:46:38	NORMAL	15	ALQUILER DE CABINA	1899:12:30:00:13:08	5	1	0	1899:12:30:00:08:08	1899:12:30:00:15:00	COUNTER			
p:12	2018/11/06 22:42:20	esthefany	INT01	INTERNET	1800	1	1	2018:11:06:22:07:19	NORMAL	30	ALQUILER DE CABINA	1899:12:30:00:35:00	5	1	0	1899:12:30:00:30:00	1899:12:30:00:30:00	COUNTER			
p:13	2018/11/06 22:54:10	esthefany	INT01	INTERNET	5271	2.5	2.5	2018:11:06:21:21:19	NORMAL	5	ALQUILER DE CABINA	1899:12:30:01:32:51	9	1	9	1899:12:30:01:27:51	1899:12:30:00:05:00	COUNTER			
p:14	2018/11/06 22:55:03	esthefany	INT01	INTERNET	804	0.5	0.5	2018:11:06:22:36:37	NORMAL	15	ALQUILER DE CABINA	1899:12:30:00:18:24	10	1	0	1899:12:30:00:13:24	1899:12:30:00:15:00	COUNTER			
p:15	2018/11/06 22:57:24	esthefany	INT01	INTERNET	3404	1.5	1.5	2018:11:06:21:55:39	HOR_LIB	0	ALQUILER DE CABINA	1899:12:30:01:01:44	6	1	0	1899:12:30:00:56:44	1899:12:30:00:00:00	COUNTER			
p:16	2018/11/06 23:01:03	esthefany	INT01	INTERNET	4133	2	2	2018:11:06:21:47:09	HOR_LIB	0	ALQUILER DE CABINA	1899:12:30:01:13:53	4	1	0	1899:12:30:01:08:53	1899:12:30:00:00:00	COUNTER			
p:17	2018/11/06 23:04:36	esthefany	INT01	INTERNET	60	0.5	0.5	2018:11:06:22:58:36	NORMAL	1	ALQUILER DE CABINA	1899:12:30:00:06:00	9	1	0	1899:12:30:00:01:00	1899:12:30:00:01:00	COUNTER			
p:0	2018/11/07 09:32:01	admin	INT01	INTERNET	0	0	0	2018:11:07:09:28:06	HOR_LIB	0	ALQUILER DE CABINA	1899:12:30:00:03:54	5	1	0	1899:12:30:00:00:00	1899:12:30:00:00:00	COUNTER			
p:1	2018/11/07 10:07:01	admin	INT01	INTERNET	2682	1.5	1.5	2018:11:07:09:17:18	HOR_LIB	0	ALQUILER DE CABINA	1899:12:30:00:49:42	11	0	0	1899:12:30:00:44:42	1899:12:30:00:00:00	COUNTER			
p:2	2018/11/07 10:53:17	admin	INT01	INTERNET	7200	3	3	2018:11:07:08:48:16	NORMAL	120	ALQUILER DE CABINA	1899:12:30:02:05:00	10	1	0	1899:12:30:02:00:00	1899:12:30:02:00:00	COUNTER			
p:3	2018/11/07 10:56:20	admin	INT01	INTERNET	1648	1	1	2018:11:07:10:23:51	HOR_LIB	0	ALQUILER DE CABINA	1899:12:30:00:32:28	9	1	0	1899:12:30:00:27:28	1899:12:30:00:00:00	COUNTER			
q:4	2018/11/07 12:02:34	admin	INT01	INTERNET	3809	0	0	2018:11:07:10:54:04	HOR_GRA	0	ALQUILER DE CABINA	1899:12:30:01:08:29	10	1	0	1899:12:30:01:03:29	1899:12:30:00:00:00	COUNTER			
q:5	2018/11/07 12:27:19	reynaldo	INT01	INTERNET	146	0	0	2018:11:07:12:19:52	HOR_GRA	0	ALQUILER DE CABINA	1899:12:30:00:07:26	11	1	0	1899:12:30:00:02:26	1899:12:30:00:00:00	COUNTER			
p:6	2018/11/07 13:03:57	esthefany	INT01	INTERNET	3429	1.5	1.5	2018:11:07:12:01:47	NORMAL	60	ALQUILER DE CABINA	1899:12:30:01:02:09	9	1	0	1899:12:30:00:57:09	1899:12:30:01:00:00	COUNTER			
p:7	2018/11/07 13:29:02	esthefany	INT01	INTERNET	0	0	0	2018:11:07:13:27:46	NORMAL	30	ALQUILER DE CABINA	1899:12:30:00:01:15	10	1	0	1899:12:30:00:00:00	1899:12:30:00:30:00	COUNTER			
p:8	2018/11/07 13:29:30	esthefany	INT01	INTERNET	994	1	1	2018:11:07:13:07:55	NORMAL	30	ALQUILER DE CABINA	1899:12:30:00:21:34	9	1	0	1899:12:30:00:16:34	1899:12:30:00:30:00	COUNTER			
p:9	2018/11/07 13:36:01	esthefany	INT01	INTERNET	3311	1.5	1.5	2018:11:07:12:35:49	HOR_LIB	0	ALQUILER DE CABINA	1899:12:30:01:00:11	11	1	0	1899:12:30:00:55:11	1899:12:30:00:00:00	COUNTER			
p:10	2018/11/07 13:44:46	esthefany	INT01	INTERNET	578	0.5	0.5	2018:11:07:13:30:07	NORMAL	30	ALQUILER DE CABINA	1899:12:30:00:14:38	9	1	0	1899:12:30:00:09:38	1899:12:30:00:30:00	COUNTER			
p:11	2018/11/07 14:03:32	esthefany	INT01	INTERNET	5864	3	3	2018:11:07:12:20:48	HOR_LIB	0	ALQUILER DE CABINA	1899:12:30:01:42:44	5	1	0	1899:12:30:01:37:44	1899:12:30:00:00:00	COUNTER			
p:12	2018/11/07 14:39:06	esthefany	INT01	INTERNET	700	0.5	0.5	2018:11:07:14:22:25	HOR_LIB	0	ALQUILER DE CABINA	1899:12:30:00:16:40	9	1	0	1899:12:30:00:11:40	1899:12:30:00:00:00	COUNTER			
p:13	2018/11/07 15:20:31	esthefany	INT01	INTERNET	3600	1.5	1.5	2018:11:07:14:15:31	NORMAL	60	ALQUILER DE CABINA	1899:12:30:01:05:00	4	1	0	1899:12:30:01:00:00	1899:12:30:01:00:00	COUNTER			
p:14	2018/11/07 15:25:01	esthefany	INT01	INTERNET	1800	1	1	2018:11:07:14:50:01	NORMAL	30	ALQUILER DE CABINA	1899:12:30:00:35:00	9	1	0	1899:12:30:00:30:00	1899:12:30:00:30:00	COUNTER			
p:15	2018/11/07 15:38:59	esthefany	INT01	INTERNET	799	0.5	0.5	2018:11:07:15:20:39	NORMAL	15	ALQUILER DE CABINA	1899:12:30:00:18:19	4	1	0	1899:12:30:00:13:19	1899:12:30:00:15:00	COUNTER			
p:16	2018/11/07 15:41:04	esthefany	INT01	INTERNET	641	0.5	0.5	2018:11:07:15:25:22	NORMAL	15	ALQUILER DE CABINA	1899:12:30:00:15:41	9	1	0	1899:12:30:00:10:41	1899:12:30:00:15:00	COUNTER			
p:17	2018/11/07 17:29:46	esthefany	INT01	INTERNET	5400	2.5	2.5	2018:11:07:15:54:46	NORMAL	90	ALQUILER DE CABINA	1899:12:30:01:35:00	5	1	0	1899:12:30:01:30:00	1899:12:30:01:30:00	COUNTER			
p:18	2018/11/07 17:29:53	esthefany	INT01	INTERNET	1800	1	1	2018:11:07:16:54:52	NORMAL	30	ALQUILER DE CABINA	1899:12:30:00:35:00	9	1	0	1899:12:30:00:30:00	1899:12:30:00:30:00	COUNTER			
q:19	2018/11/07 17:43:48	esthefany	INT01	INTERNET	806	0	0	2018:11:07:17:25:22	HOR_GRA	0	ALQUILER DE CABINA	1899:12:30:00:18:26	11	1	0	1899:12:30:00:13:26	1899:12:30:00:00:00	COUNTER			
p:20	2018/11/07 17:53:30	esthefany	INT01	INTERNET	10850	5	5	2018:11:07:14:47:40	HOR_LIB	0	ALQUILER DE CABINA	1899:12:30:03:05:50	4	1	0	1899:12:30:03:00:50	1899:12:30:00:00:00	COUNTER			
p:21	2018/11/07 17:54:43	esthefany	INT01	INTERNET	1184	1	1	2018:11:07:17:29:58	NORMAL	30	ALQUILER DE CABINA	1899:12:30:00:24:44	11	1	0	1899:12:30:00:19:44	1899:12:30:00:30:00	COUNTER			
p:22	2018/11/07 17:58:28	esthefany	INT01	INTERNET	787	0.5	0.5	2018:11:07:17:40:20	HOR_LIB	0	ALQUILER DE CABINA	1899:12:30:00:18:07	9	1	0	1899:12:30:00:13:07	1899:12:30:00:00:00	COUNTER			
p:23	2018/11/07 18:30:59	esthefany	INT01	INTERNET	900	0.5	0.5	2018:11:07:18:10:59	NORMAL	15	ALQUILER DE CABINA	1899:12:30:00:20:00	5	1	0	1899:12:30:00:15:00	1899:12:30:00:15:00	COUNTER			
p:24	2018/11/07 18:31:25	esthefany	INT01	INTERNET	900	0.5	0.5	2018:11:07:18:11:24	NORMAL	15	ALQUILER DE CABINA	1899:12:30:00:20:00	10	1	0	1899:12:30:00:15:00	1899:12:30:00:15:00	COUNTER			
p:25	2018/11/07 18:56:36	esthefany	INT01	INTERNET	2834	1.5	1.5	2018:11:07:18:04:21	HOR_LIB	0	ALQUILER DE CABINA	1899:12:30:00:52:14	9	1	0	1899:12:30:00:47:14	1899:12:30:00:00:00	COUNTER			
p:26	2018/11/07 19:00:16	esthefany	INT01	INTERNET	0	0	0	2018:11:07:18:56:28	HOR_LIB	0	ALQUILER DE CABINA	1899:12:30:00:03:47	5	1	0	1899:12:30:00:00:00	1899:12:30:00:00:00	COUNTER			
p:27	2018/11/07 19:05:47	esthefany	INT01	INTERNET	3509	1.5	1.5	2018:11:07:18:02:16	NORMAL	60	ALQUILER DE CABINA	1899:12:30:01:03:29	4	1	0	1899:12:30:00:58:29	1899:12:30:01:00:00	COUNTER			
p:28	2018/11/07 19:10:19	esthefany	INT01	INTERNET	7076	3	3	2018:11:07:17:07:23	HOR_LIB	0	ALQUILER DE CABINA	1899:12:30:02:02:56	8	1	0	1899:12:30:01:57:56	1899:12:30:00:00:00	COUNTER			
p:29	2018/11/07 19:29:07	esthefany	INT01	INTERNET	0	0	0	2018:11:07:19:25:00	HOR_LIB	0	ALQUILER DE CABINA	1899:12:30:00:04:06	5	1	0	1899:12:30:00:00:00	1899:12:30:00:00:00	COUNTER			
p:30	2018/11/07 19:47:28	esthefany	INT01	INTERNET	144	0.5	0.5	2018:11:07:19:40:02	NORMAL	30	ALQUILER DE CABINA	1899:12:30:00:07:24	5	1	0	1899:12:30:00:02:24	1899:12:30:00:30:00	COUNTER			
p:31	2018/11/07 20:03:18	esthefany	INT01	INTERNET	3577	1.5	1.5	2018:11:07:18:58:40	NORMAL	60	ALQUILER DE CABINA	1899:12:30:01:04:37	9	1	0	1899:12:30:00:59:37	1899:12:30:01:00:00	COUNTER			
q:32	2018/11/07 20:08:49	esthefany	INT01	INTERNET	0	0	0	2018:11:07:20:07:15	HOR_GRA	0	ALQUILER DE CABINA	1899:12:30:00:01:33	4	1	0	1899:12:30:00:00:00	1899:12:30:00:00:00	COUNTER			
p:33	2018/11/07 20:22:13	esthefany	INT01	INTERNET	2523	1.5	1.5	2018:11:07:19:35:09	HOR_LIB	0	ALQUILER DE CABINA	1899:12:30:00:47:03	5	1	0	1899:12:30:00:42:03	1899:12:30:00:00:00	COUNTER			
p:34	2018/11/07 20:35:43	esthefany	INT01	INTERNET	3278	1.5	1.5	2018:11:07:19:36:05	NORMAL	60	ALQUILER DE CABINA	1899:12:30:00:59:38	11	1	0	1899:12:30:00:54:38	1899:12:30:01:00:00	COUNTER			
p:35	2018/11/07 21:23:25	esthefany	INT01	INTERNET	1448	1	1	2018:11:07:20:54:16	NORMAL	30	ALQUILER DE CABINA	1899:12:30:00:29:08	4	1	0	1899:12:30:00:24:08	1899:12:30:00:30:00	COUNTER			
p:36	2018/11/07 21:26:29	esthefany	INT01	INTERNET	2905	1.5	1.5	2018:11:07:20:33:02	HOR_LIB	0	ALQUILER DE CABINA	1899:12:30:00:53:25	9	1	0	1899:12:30:00:48:25	1899:12:30:00:00:00	COUNTER			
p:37	2018/11/07 21:44:36	esthefany	INT01	INTERNET	0	0	0	2018:11:07:21:40:02	HOR_LIB	0	ALQUILER DE CABINA	1899:12:30:00:04:33	9	1	0	1899:12:30:00:00:00	1899:12:30:00:00:00	COUNTER			
p:38	2018/11/07 22:11:39	esthefany	INT01	INTERNET	1386	1	1	2018:11:07:21:43:33	NORMAL	30	ALQUILER DE CABINA	1899:12:30:00:28:06	4	1	0	1899:12:30:00:23:06	1899:12:30:00:30:00	COUNTER			
p:39	2018/11/07 22:29:26	esthefany	INT01	INTERNET	510	0.5	0.5	2018:11:07:22:15:55	HOR_LIB	0	ALQUILER DE CABINA	1899:12:30:00:13:30	4	1	239	1899:12:30:00:08:30	1899:12:30:00:00:00	COUNTER			
p:40	2018/11/07 22:33:34	esthefany	INT01	INTERNET	1745	1	1	2018:11:07:21:59:29	NORMAL	30	ALQUILER DE CABINA	1899:12:30:00:34:05	5	1	0	1899:12:30:00:29:05	1899:12:30:00:30:00	COUNTER			
p:41	2018/11/07 22:55:15	esthefany	INT01	INTERNET	3294	1.5	1.5	2018:11:07:21:55:20	HOR_LIB	0	ALQUILER DE CABINA	1899:12:30:00:59:54	9	1	0	1899:12:30:00:54:54	1899:12:30:00:00:00	COUNTER			
p:0	2018/11/08 09:21:15	kerica	INT01	INTERNET	0	0	0	2018:11:08:09:16:15	HOR_LIB	0	ALQUILER DE CABINA	1899:12:30:00:05:00	9	1	0	1899:12:30:00:00:00	1899:12:30:00:00:00	COUNTER			
p:1	2018/11/08 09:21:23	kerica	INT01	INTERNET	13	0.5	0.5	2018:11:08:09:16:09	HOR_LIB	0	ALQUILER DE CABINA	1899:12:30:00:05:13	10	1	0	1899:12:30:00:00:13	1899:12:30:00:00:00	COUNTER			
p:2	2018/11/08 10:17:14	kerica	INT01	INTERNET	1522	1	1	2018:11:08:09:46:51	HOR_LIB	0	ALQUILER DE CABINA	1899:12:30:00:30:22	11	0	0	1899:12:30:00:25:22	1899:12:30:00:00:00	COUNTER			
p:3	2018/11/08 11:00:48	kerica	INT01	INTERNET	4161	2	2	2018:11:08:09:46:26	HOR_LIB	0	ALQUILER DE CABINA	1899:12:30:01:14:21	4	1	0	1899:12:30:01:09:21	1899:12:30:00:00:00	COUNTER			
p:4	2018/11/08 11:02:20	kerica	INT01	INTERNET	1200	1	1	2018:11:08:10:37:19	NORMAL	30	ALQUILER DE CABINA	1899:12:30:00:25:00	12	1	0	1899:12:30:00:20:00	1899:12:30:00:30:00	COUNTER			
p:5	2018/11/08 11:42:53	kerica	INT01	INTERNET	0	0	0	2018:11:08:11:38:15	HOR_LIB	0	ALQUILER DE CABINA	1899:12:30:00:04:37	5	1	0	1899:12:30:00:00:00	1899:12:30:00:00:00	COUNTER			
p:6	2018/11/08 11:46:55	kerica	INT01	INTERNET	781	0.5	0.5	2018:11:08:11:28:53	NORMAL	60	ALQUILER DE CABINA	1899:12:30:00:18:01	4	1	0	1899:12:30:00:13:01	1899:12:30:01:00:00	COUNTER			
p:7	2018/11/08 12:00:03	kerica	INT01	INTERNET	8941	4	4	2018:11:08:09:26:00	NORMAL	150	ALQUILER DE CABINA	1899:12:30:02:34:01	9	1	0	1899:12:30:02:29:01	1899:12:30:02:30:00	COUNTER			
p:8	2018/11/08 12:17:12	kerica	INT01	INTERNET	1800	1	1	2018:11:08:11:42:11	NORMAL	30	ALQUILER DE CABINA	1899:12:30:00:35:00	12	1	0	1899:12:30:00:30:00	1899:12:30:00:30:00	COUNTER			
p:9	2018/11/08 12:40:51	reynaldo	INT01	INTERNET	1764	1	1	2018:11:08:12:06:26	NORMAL	60	ALQUILER DE CABINA	1899:12:30:00:34:24	4	1	0	1899:12:30:00:29:24	1899:12:30:01:00:00	COUNTER			
q:10	2018/11/08 12:57:49	reynaldo	INT01	INTERNET	239	0	0	2018:11:08:12:48:50	HOR_GRA	0	ALQUILER DE CABINA	1899:12:30:00:08:59	4	1	0	1899:12:30:00:03:59	1899:12:30:00:00:00	COUNTER			
p:11	2018/11/08 13:04:57	reynaldo	INT01	INTERNET	3226	1.5	1.5	2018:11:08:12:06:10	NORMAL	60	ALQUILER DE CABINA	1899:12:30:00:58:46	9	1	0	1899:12:30:00:53:46	1899:12:30:01:00:00	COUNTER			
p:12	2018/11/08 13:50:04	esthefany	INT01	INTERNET	1709	1	1	2018:11:08:13:16:35	NORMAL	30	ALQUILER DE CABINA	1899:12:30:00:33:29	4	1	0	1899:12:30:00:28:29	1899:12:30:00:30:00	COUNTER			
p:13	2018/11/08 14:30:49	esthefany	INT01	INTERNET	0	0	0	2018:11:08:14:25:50	NORMAL	120	ALQUILER DE CABINA	1899:12:30:00:04:59	5	1	327	1899:12:30:00:00:00	1899:12:30:02:00:00	COUNTER			
p:14	2018/11/08 15:19:32	esthefany	INT01	INTERNET	3463	1.5	1.5	2018:11:08:14:16:49	NORMAL	60	ALQUILER DE CABINA	1899:12:30:01:02:43	9	1	0	1899:12:30:00:57:43	1899:12:30:01:00:00	COUNTER			
p:15	2018/11/08 15:19:43	esthefany	INT01	INTERNET	1259	1	1	2018:11:08:14:53:44	NORMAL	30	ALQUILER DE CABINA	1899:12:30:00:25:59	4	1	0	1899:12:30:00:20:59	1899:12:30:00:30:00	COUNTER			
p:16	2018/11/08 15:38:47	esthefany	INT01	INTERNET	3696	2	2	2018:11:08:14:32:10	HOR_LIB	0	ALQUILER DE CABINA	1899:12:30:01:06:36	5	0	0	1899:12:30:01:01:36	1899:12:30:00:00:00	COUNTER			
p:17	2018/11/08 15:54:48	esthefany	INT01	INTERNET	1065	1	1	2018:11:08:15:32:03	NORMAL	30	ALQUILER DE CABINA	1899:12:30:00:22:45	9	1	0	1899:12:30:00:17:45	1899:12:30:00:30:00	COUNTER			
p:18	2018/11/08 17:02:47	esthefany	INT01	INTERNET	900	0.5	0.5	2018:11:08:16:42:47	NORMAL	15	ALQUILER DE CABINA	1899:12:30:00:20:00	9	1	0	1899:12:30:00:15:00	1899:12:30:00:15:00	COUNTER			
p:19	2018/11/08 17:09:10	esthefany	INT01	INTERNET	14359	6	6	2018:11:08:13:04:50	HOR_LIB	0	ALQUILER DE CABINA	1899:12:30:04:04:19	11	1	0	1899:12:30:03:59:19	1899:12:30:00:00:00	COUNTER			
p:20	2018/11/08 17:42:02	esthefany	INT01	INTERNET	4	0.5	0.5	2018:11:08:17:36:58	NORMAL	15	ALQUILER DE CABINA	1899:12:30:00:05:04	4	1	0	1899:12:30:00:00:04	1899:12:30:00:15:00	COUNTER			
p:21	2018/11/08 17:50:13	esthefany	INT01	INTERNET	666	0.5	0.5	2018:11:08:17:34:06	NORMAL	15	ALQUILER DE CABINA	1899:12:30:00:16:06	9	1	0	1899:12:30:00:11:06	1899:12:30:00:15:00	COUNTER			
p:22	2018/11/08 18:20:05	esthefany	INT01	INTERNET	763	0.5	0.5	2018:11:08:18:02:21	NORMAL	60	ALQUILER DE CABINA	1899:12:30:00:17:43	9	1	0	1899:12:30:00:12:43	1899:12:30:01:00:00	COUNTER			
p:23	2018/11/08 18:46:42	esthefany	INT01	INTERNET	301	0.5	0.5	2018:11:08:18:36:40	NORMAL	30	ALQUILER DE CABINA	1899:12:30:00:10:01	4	1	0	1899:12:30:00:05:01	1899:12:30:00:30:00	COUNTER			
p:24	2018/11/08 19:04:31	esthefany	INT01	INTERNET	3420	1.5	1.5	2018:11:08:18:02:30	HOR_LIB	0	ALQUILER DE CABINA	1899:12:30:01:02:00	11	1	0	1899:12:30:00:57:00	1899:12:30:00:00:00	COUNTER			
p:25	2018/11/08 19:33:53	esthefany	INT01	INTERNET	900	0.5	0.5	2018:11:08:19:13:52	NORMAL	15	ALQUILER DE CABINA	1899:12:30:00:20:00	6	1	0	1899:12:30:00:15:00	1899:12:30:00:15:00	COUNTER			
p:26	2018/11/08 19:54:29	esthefany	INT01	INTERNET	900	0.5	0.5	2018:11:08:19:34:28	NORMAL	15	ALQUILER DE CABINA	1899:12:30:00:20:00	6	1	0	1899:12:30:00:15:00	1899:12:30:00:15:00	COUNTER			
p:27	2018/11/08 19:56:11	esthefany	INT01	INTERNET	4733	2.5	2.5	2018:11:08:18:32:16	HOR_LIB	0	ALQUILER DE CABINA	1899:12:30:01:23:53	9	1	0	1899:12:30:01:18:53	1899:12:30:00:00:00	COUNTER			
p:28	2018/11/08 20:15:18	esthefany	INT01	INTERNET	640	0.5	0.5	2018:11:08:19:59:38	HOR_LIB	0	ALQUILER DE CABINA	1899:12:30:00:15:40	5	1	0	1899:12:30:00:10:40	1899:12:30:00:00:00	COUNTER			
p:29	2018/11/08 20:15:28	esthefany	INT01	INTERNET	900	0.5	0.5	2018:11:08:19:55:28	NORMAL	15	ALQUILER DE CABINA	1899:12:30:00:20:00	6	1	0	1899:12:30:00:15:00	1899:12:30:00:15:00	COUNTER			
p:30	2018/11/08 20:18:25	esthefany	INT01	INTERNET	15	0.5	0.5	2018:11:08:20:13:10	HOR_LIB	0	ALQUILER DE CABINA	1899:12:30:00:05:15	9	1	1266	1899:12:30:00:00:15	1899:12:30:00:00:00	COUNTER			
p:31	2018/11/08 20:25:00	esthefany	INT01	INTERNET	181	0.5	0.5	2018:11:08:20:16:58	HOR_LIB	0	ALQUILER DE CABINA	1899:12:30:00:08:01	5	1	0	1899:12:30:00:03:01	1899:12:30:00:00:00	COUNTER			
p:32	2018/11/08 21:06:09	esthefany	INT01	INTERNET	2313	1.5	1.5	2018:11:08:20:22:36	HOR_LIB	0	ALQUILER DE CABINA	1899:12:30:00:43:33	9	1	0	1899:12:30:00:38:33	1899:12:30:00:00:00	COUNTER			
p:33	2018/11/08 21:18:13	esthefany	INT01	INTERNET	0	0	0	2018:11:08:21:14:50	HOR_LIB	0	ALQUILER DE CABINA	1899:12:30:00:03:23	9	1	0	1899:12:30:00:00:00	1899:12:30:00:00:00	COUNTER			
p:34	2018/11/08 21:43:35	esthefany	INT01	INTERNET	225	0.5	0.5	2018:11:08:21:34:50	HOR_LIB	0	ALQUILER DE CABINA	1899:12:30:00:08:45	9	1	0	1899:12:30:00:03:45	1899:12:30:00:00:00	COUNTER			
p:35	2018/11/08 21:51:21	esthefany	INT01	INTERNET	372	0.5	0.5	2018:11:08:21:40:09	HOR_LIB	0	ALQUILER DE CABINA	1899:12:30:00:11:12	8	1	6556	1899:12:30:00:06:12	1899:12:30:00:00:00	COUNTER			
p:36	2018/11/08 21:59:06	esthefany	INT01	INTERNET	10745	4.5	4.5	2018:11:08:18:55:00	HOR_LIB	0	ALQUILER DE CABINA	1899:12:30:03:04:05	4	1	0	1899:12:30:02:59:05	1899:12:30:00:00:00	COUNTER			
p:37	2018/11/08 22:03:32	esthefany	INT01	INTERNET	311	0.5	0.5	2018:11:08:21:53:20	HOR_LIB	0	ALQUILER DE CABINA	1899:12:30:00:10:11	6	1	0	1899:12:30:00:05:11	1899:12:30:00:00:00	COUNTER			
p:38	2018/11/08 22:10:28	esthefany	INT01	INTERNET	651	0.5	0.5	2018:11:08:21:54:37	HOR_LIB	0	ALQUILER DE CABINA	1899:12:30:00:15:51	9	1	501	1899:12:30:00:10:51	1899:12:30:00:00:00	COUNTER			
p:39	2018/11/08 22:13:24	esthefany	INT01	INTERNET	153	0.5	0.5	2018:11:08:22:05:49	NORMAL	15	ALQUILER DE CABINA	1899:12:30:00:07:33	5	1	0	1899:12:30:00:02:33	1899:12:30:00:15:00	COUNTER			
p:40	2018/11/08 22:29:58	esthefany	INT01	INTERNET	1121	1	1	2018:11:08:22:06:16	NORMAL	30	ALQUILER DE CABINA	1899:12:30:00:23:41	8	1	0	1899:12:30:00:18:41	1899:12:30:00:30:00	COUNTER			
p:41	2018/11/08 22:34:45	esthefany	INT01	INTERNET	68	0.5	0.5	2018:11:08:22:28:38	HOR_LIB	0	ALQUILER DE CABINA	1899:12:30:00:06:08	4	1	2091	1899:12:30:00:01:08	1899:12:30:00:00:00	COUNTER			
p:42	2018/11/08 22:44:08	esthefany	INT01	INTERNET	290	0.5	0.5	2018:11:08:22:34:17	NORMAL	15	ALQUILER DE CABINA	1899:12:30:00:09:50	8	1	0	1899:12:30:00:04:50	1899:12:30:00:15:00	COUNTER			
p:43	2018/11/08 22:46:48	esthefany	INT01	INTERNET	900	0.5	0.5	2018:11:08:22:26:47	NORMAL	15	ALQUILER DE CABINA	1899:12:30:00:20:00	9	1	0	1899:12:30:00:15:00	1899:12:30:00:15:00	COUNTER			
q:44	2018/11/08 22:48:35	esthefany	INT01	INTERNET	0	0	0	2018:11:08:22:47:07	HOR_GRA	1	ALQUILER DE CABINA	1899:12:30:00:01:27	9	1	0	1899:12:30:00:00:00	1899:12:30:00:01:00	COUNTER			
q:45	2018/11/08 22:53:14	esthefany	INT01	INTERNET	0	0	0	2018:11:08:22:49:43	HOR_GRA	1	ALQUILER DE CABINA	1899:12:30:00:03:31	9	1	0	1899:12:30:00:00:00	1899:12:30:00:01:00	COUNTER			
p:46	2018/11/08 23:00:24	esthefany	INT01	INTERNET	634	0.5	0.5	2018:11:08:22:44:49	NORMAL	15	ALQUILER DE CABINA	1899:12:30:00:15:34	8	1	0	1899:12:30:00:10:34	1899:12:30:00:15:00	COUNTER			
p:0	2018/11/09 10:21:30	kerica	INT01	INTERNET	5400	2.5	2.5	2018:11:09:08:46:29	NORMAL	90	ALQUILER DE CABINA	1899:12:30:01:35:00	9	1	0	1899:12:30:01:30:00	1899:12:30:01:30:00	COUNTER			
p:1	2018/11/09 10:22:06	kerica	INT01	INTERNET	0	0	0	2018:11:09:10:17:39	HOR_LIB	0	ALQUILER DE CABINA	1899:12:30:00:04:26	10	1	0	1899:12:30:00:00:00	1899:12:30:00:00:00	COUNTER			
p:2	2018/11/09 10:24:28	kerica	INT01	INTERNET	0	0	0	2018:11:09:10:22:02	HOR_LIB	0	ALQUILER DE CABINA	1899:12:30:00:02:26	9	1	0	1899:12:30:00:00:00	1899:12:30:00:00:00	COUNTER			
p:3	2018/11/09 11:52:54	kerica	INT01	INTERNET	1486	1	1	2018:11:09:11:23:07	HOR_LIB	0	ALQUILER DE CABINA	1899:12:30:00:29:46	4	1	0	1899:12:30:00:24:46	1899:12:30:00:00:00	COUNTER			
p:4	2018/11/09 12:09:05	kerica	INT01	INTERNET	11700	5	5	2018:11:09:08:49:05	NORMAL	195	ALQUILER DE CABINA	1899:12:30:03:20:00	11	1	0	1899:12:30:03:15:00	1899:12:30:03:15:00	COUNTER			
q:5	2018/11/09 12:23:13	reynaldo	INT01	INTERNET	228	0	0	2018:11:09:12:14:24	HOR_GRA	0	ALQUILER DE CABINA	1899:12:30:00:08:48	11	1	0	1899:12:30:00:03:48	1899:12:30:00:00:00	COUNTER			
p:6	2018/11/09 12:23:34	reynaldo	INT01	INTERNET	6765	3	3	2018:11:09:10:25:49	HOR_LIB	0	ALQUILER DE CABINA	1899:12:30:01:57:45	9	0	0	1899:12:30:01:52:45	1899:12:30:00:00:00	COUNTER			
p:0	2018/11/09 13:15:52	esthefany	INT01	INTERNET	283	0.5	0.5	2018:11:09:13:06:08	NORMAL	15	ALQUILER DE CABINA	1899:12:30:00:09:43	4	1	0	1899:12:30:00:04:43	1899:12:30:00:15:00	COUNTER			
p:1	2018/11/09 14:42:05	esthefany	INT01	INTERNET	4500	2	2	2018:11:09:13:22:04	NORMAL	75	ALQUILER DE CABINA	1899:12:30:01:20:00	9	1	0	1899:12:30:01:15:00	1899:12:30:01:15:00	COUNTER			
p:2	2018/11/09 14:50:57	esthefany	INT01	INTERNET	367	0.5	0.5	2018:11:09:14:39:49	NORMAL	15	ALQUILER DE CABINA	1899:12:30:00:11:07	4	1	0	1899:12:30:00:06:07	1899:12:30:00:15:00	COUNTER			
p:3	2018/11/09 14:53:47	esthefany	INT01	INTERNET	15	0.5	0.5	2018:11:09:14:48:31	HOR_LIB	0	ALQUILER DE CABINA	1899:12:30:00:05:15	5	1	0	1899:12:30:00:00:15	1899:12:30:00:00:00	COUNTER			
p:4	2018/11/09 14:54:12	esthefany	INT01	INTERNET	0	0	0	2018:11:09:14:51:28	NORMAL	30	ALQUILER DE CABINA	1899:12:30:00:02:43	4	1	0	1899:12:30:00:00:00	1899:12:30:00:30:00	COUNTER			
p:5	2018/11/09 15:16:47	esthefany	INT01	INTERNET	1270	1	1	2018:11:09:14:50:35	HOR_LIB	0	ALQUILER DE CABINA	1899:12:30:00:26:10	6	2	0	1899:12:30:00:21:10	1899:12:30:00:00:00	COUNTER			
p:6	2018/11/09 15:17:48	esthefany	INT01	INTERNET	1800	1	1	2018:11:09:14:42:47	NORMAL	30	ALQUILER DE CABINA	1899:12:30:00:35:00	9	1	0	1899:12:30:00:30:00	1899:12:30:00:30:00	COUNTER			
p:0	2018/11/09 15:27:47	esthefany	INT01	INTERNET	1254	1	1	2018:11:09:15:01:52	NORMAL	30	ALQUILER DE CABINA	1899:12:30:00:25:54	4	1	0	1899:12:30:00:20:54	1899:12:30:00:30:00	COUNTER			
p:1	2018/11/09 15:36:47	esthefany	INT01	INTERNET	0	0	0	2018:11:09:15:33:10	HOR_LIB	0	ALQUILER DE CABINA	1899:12:30:00:03:35	9	1	0	1899:12:30:00:00:00	1899:12:30:00:00:00	COUNTER			
p:2	2018/11/09 15:52:37	esthefany	INT01	INTERNET	94	0.5	0.5	2018:11:09:15:46:03	HOR_LIB	0	ALQUILER DE CABINA	1899:12:30:00:06:34	5	1	0	1899:12:30:00:01:34	1899:12:30:00:00:00	COUNTER			
p:3	2018/11/09 15:52:50	esthefany	INT01	INTERNET	3370	1.5	1.5	2018:11:09:14:51:39	NORMAL	60	ALQUILER DE CABINA	1899:12:30:01:01:10	8	1	0	1899:12:30:00:56:10	1899:12:30:01:00:00	COUNTER			
p:4	2018/11/09 16:27:50	esthefany	INT01	INTERNET	2126	1.5	1.5	2018:11:09:15:47:23	HOR_LIB	0	ALQUILER DE CABINA	1899:12:30:00:40:26	6	1	0	1899:12:30:00:35:26	1899:12:30:00:00:00	COUNTER			
p:5	2018/11/09 16:32:09	esthefany	INT01	INTERNET	1377	1	1	2018:11:09:16:04:11	NORMAL	30	ALQUILER DE CABINA	1899:12:30:00:27:57	8	1	0	1899:12:30:00:22:57	1899:12:30:00:30:00	COUNTER			
p:6	2018/11/09 16:41:45	esthefany	INT01	INTERNET	5101	2.5	2.5	2018:11:09:15:11:44	NORMAL	90	ALQUILER DE CABINA	1899:12:30:01:30:01	10	1	0	1899:12:30:01:25:01	1899:12:30:01:30:00	COUNTER			
p:7	2018/11/09 16:44:20	esthefany	INT01	INTERNET	14320	6	6	2018:11:09:12:40:40	HOR_LIB	0	ALQUILER DE CABINA	1899:12:30:04:03:40	11	1	0	1899:12:30:03:58:40	1899:12:30:00:00:00	COUNTER			
p:8	2018/11/09 16:49:22	esthefany	INT01	INTERNET	900	0.5	0.5	2018:11:09:16:29:22	NORMAL	15	ALQUILER DE CABINA	1899:12:30:00:20:00	5	1	0	1899:12:30:00:15:00	1899:12:30:00:15:00	COUNTER			
p:9	2018/11/09 16:53:49	esthefany	INT01	INTERNET	4008	2	2	2018:11:09:15:42:00	HOR_LIB	0	ALQUILER DE CABINA	1899:12:30:01:11:48	9	1	0	1899:12:30:01:06:48	1899:12:30:00:00:00	COUNTER			
p:10	2018/11/09 16:55:04	esthefany	INT01	INTERNET	242	0.5	0.5	2018:11:09:16:46:01	HOR_LIB	0	ALQUILER DE CABINA	1899:12:30:00:09:02	10	1	0	1899:12:30:00:04:02	1899:12:30:00:00:00	COUNTER			
q:11	2018/11/09 16:56:46	esthefany	INT01	INTERNET	97	0	0	2018:11:09:16:50:08	HOR_GRA	5	ALQUILER DE CABINA	1899:12:30:00:06:37	5	1	0	1899:12:30:00:01:37	1899:12:30:00:05:00	COUNTER			
p:12	2018/11/09 17:25:34	esthefany	INT01	INTERNET	0	0	0	2018:11:09:17:23:23	NORMAL	30	ALQUILER DE CABINA	1899:12:30:00:02:10	12	1	0	1899:12:30:00:00:00	1899:12:30:00:30:00	COUNTER			
p:13	2018/11/09 18:00:31	esthefany	INT01	INTERNET	1549	1	1	2018:11:09:17:29:41	NORMAL	30	ALQUILER DE CABINA	1899:12:30:00:30:49	11	1	0	1899:12:30:00:25:49	1899:12:30:00:30:00	COUNTER			
p:14	2018/11/09 18:33:33	esthefany	INT01	INTERNET	1133	1	1	2018:11:09:18:09:39	HOR_LIB	0	ALQUILER DE CABINA	1899:12:30:00:23:53	3	1	0	1899:12:30:00:18:53	1899:12:30:00:00:00	COUNTER			
p:15	2018/11/09 18:41:47	esthefany	INT01	INTERNET	10463	4.5	4.5	2018:11:09:15:42:24	HOR_LIB	0	ALQUILER DE CABINA	1899:12:30:02:59:23	4	0	0	1899:12:30:02:54:23	1899:12:30:00:00:00	COUNTER			
p:16	2018/11/09 19:08:09	esthefany	INT01	INTERNET	1800	1	1	2018:11:09:18:33:09	NORMAL	30	ALQUILER DE CABINA	1899:12:30:00:35:00	5	1	0	1899:12:30:00:30:00	1899:12:30:00:30:00	COUNTER			
p:17	2018/11/09 19:55:03	esthefany	INT01	INTERNET	3326	1.5	1.5	2018:11:09:18:54:36	NORMAL	60	ALQUILER DE CABINA	1899:12:30:01:00:26	9	1	0	1899:12:30:00:55:26	1899:12:30:01:00:00	COUNTER			
p:18	2018/11/09 19:55:06	esthefany	INT01	INTERNET	3321	1.5	1.5	2018:11:09:18:54:44	NORMAL	60	ALQUILER DE CABINA	1899:12:30:01:00:21	10	1	0	1899:12:30:00:55:21	1899:12:30:01:00:00	COUNTER			
p:19	2018/11/09 20:16:26	esthefany	INT01	INTERNET	3600	1.5	1.5	2018:11:09:19:11:26	NORMAL	60	ALQUILER DE CABINA	1899:12:30:01:05:00	5	1	0	1899:12:30:01:00:00	1899:12:30:01:00:00	COUNTER			
p:20	2018/11/09 20:37:41	esthefany	INT01	INTERNET	900	0.5	0.5	2018:11:09:20:17:41	NORMAL	15	ALQUILER DE CABINA	1899:12:30:00:20:00	5	1	0	1899:12:30:00:15:00	1899:12:30:00:15:00	COUNTER			
p:21	2018/11/09 21:59:28	esthefany	INT01	INTERNET	0	0	0	2018:11:09:21:55:01	HOR_LIB	0	ALQUILER DE CABINA	1899:12:30:00:04:27	8	1	206	1899:12:30:00:00:00	1899:12:30:00:00:00	COUNTER			
p:22	2018/11/09 22:12:56	esthefany	INT01	INTERNET	3575	1.5	1.5	2018:11:09:21:08:21	NORMAL	60	ALQUILER DE CABINA	1899:12:30:01:04:35	11	1	0	1899:12:30:00:59:35	1899:12:30:01:00:00	COUNTER			
p:23	2018/11/09 22:20:49	esthefany	INT01	INTERNET	3600	1.5	1.5	2018:11:09:21:15:48	NORMAL	60	ALQUILER DE CABINA	1899:12:30:01:05:00	9	1	0	1899:12:30:01:00:00	1899:12:30:01:00:00	COUNTER			
p:24	2018/11/09 22:53:22	esthefany	INT01	INTERNET	4077	2	2	2018:11:09:21:40:24	HOR_LIB	0	ALQUILER DE CABINA	1899:12:30:01:12:57	4	1	0	1899:12:30:01:07:57	1899:12:30:00:00:00	COUNTER			
p:0	2018/11/10 12:49:30	admin	INT01	INTERNET	4374	2	2	2018:11:10:11:31:35	HOR_LIB	0	ALQUILER DE CABINA	1899:12:30:01:17:54	5	1	0	1899:12:30:01:12:54	1899:12:30:00:00:00	COUNTER			
p:1	2018/11/10 14:22:39	esthefany	INT01	INTERNET	3600	1.5	1.5	2018:11:10:13:17:38	NORMAL	60	ALQUILER DE CABINA	1899:12:30:01:05:00	5	1	0	1899:12:30:01:00:00	1899:12:30:01:00:00	COUNTER			
p:2	2018/11/10 14:24:36	esthefany	INT01	INTERNET	3478	1.5	1.5	2018:11:10:13:21:37	NORMAL	60	ALQUILER DE CABINA	1899:12:30:01:02:58	4	1	0	1899:12:30:00:57:58	1899:12:30:01:00:00	COUNTER			
p:3	2018/11/10 14:35:13	esthefany	INT01	INTERNET	0	0	0	2018:11:10:14:34:39	HOR_LIB	0	ALQUILER DE CABINA	1899:12:30:00:00:33	3	0	0	1899:12:30:00:00:00	1899:12:30:00:00:00	COUNTER			
p:4	2018/11/10 14:43:15	esthefany	INT01	INTERNET	900	0.5	0.5	2018:11:10:14:23:15	NORMAL	15	ALQUILER DE CABINA	1899:12:30:00:20:00	5	1	0	1899:12:30:00:15:00	1899:12:30:00:15:00	COUNTER			
p:5	2018/11/10 14:59:03	esthefany	INT01	INTERNET	9192	4.5	4.5	2018:11:10:12:20:50	HOR_LIB	0	ALQUILER DE CABINA	1899:12:30:02:38:12	9	1	0	1899:12:30:02:33:12	1899:12:30:00:00:00	COUNTER			
p:6	2018/11/10 15:12:30	esthefany	INT01	INTERNET	724	0.5	0.5	2018:11:10:14:55:26	NORMAL	30	ALQUILER DE CABINA	1899:12:30:00:17:04	10	1	0	1899:12:30:00:12:04	1899:12:30:00:30:00	COUNTER			
p:7	2018/11/10 15:40:23	esthefany	INT01	INTERNET	3533	1.5	1.5	2018:11:10:14:36:29	HOR_LIB	0	ALQUILER DE CABINA	1899:12:30:01:03:53	6	1	0	1899:12:30:00:58:53	1899:12:30:00:00:00	COUNTER			
q:8	2018/11/10 15:46:48	esthefany	INT01	INTERNET	1282	0	0	2018:11:10:15:20:25	HOR_GRA	0	ALQUILER DE CABINA	1899:12:30:00:26:22	12	1	0	1899:12:30:00:21:22	1899:12:30:00:00:00	COUNTER			
p:9	2018/11/10 15:57:12	esthefany	INT01	INTERNET	325	0.5	0.5	2018:11:10:15:46:46	HOR_LIB	0	ALQUILER DE CABINA	1899:12:30:00:10:25	9	1	0	1899:12:30:00:05:25	1899:12:30:00:00:00	COUNTER			
p:10	2018/11/10 16:29:07	esthefany	INT01	INTERNET	6918	3	3	2018:11:10:14:28:47	NORMAL	120	ALQUILER DE CABINA	1899:12:30:02:00:18	4	1	0	1899:12:30:01:55:18	1899:12:30:02:00:00	COUNTER			
p:11	2018/11/10 16:33:14	esthefany	INT01	INTERNET	8895	4	4	2018:11:10:13:59:58	HOR_LIB	0	ALQUILER DE CABINA	1899:12:30:02:33:15	5	1	0	1899:12:30:02:28:15	1899:12:30:00:00:00	COUNTER			
p:12	2018/11/10 16:43:57	esthefany	INT01	INTERNET	14355	6	6	2018:11:10:12:39:40	HOR_LIB	0	ALQUILER DE CABINA	1899:12:30:04:04:15	11	1	0	1899:12:30:03:59:15	1899:12:30:00:00:00	COUNTER			
p:13	2018/11/10 16:59:45	esthefany	INT01	INTERNET	1482	1	1	2018:11:10:16:30:03	NORMAL	30	ALQUILER DE CABINA	1899:12:30:00:29:42	9	1	0	1899:12:30:00:24:42	1899:12:30:00:30:00	COUNTER			
p:14	2018/11/10 17:03:10	esthefany	INT01	INTERNET	10084	4.5	4.5	2018:11:10:14:10:05	HOR_LIB	0	ALQUILER DE CABINA	1899:12:30:02:53:04	8	1	0	1899:12:30:02:48:04	1899:12:30:00:00:00	COUNTER			
p:15	2018/11/10 18:03:11	esthefany	INT01	INTERNET	4125	2	2	2018:11:10:16:49:26	HOR_LIB	0	ALQUILER DE CABINA	1899:12:30:01:13:45	9	1	0	1899:12:30:01:08:45	1899:12:30:00:00:00	COUNTER			
p:16	2018/11/10 18:22:00	esthefany	INT01	INTERNET	3025	1.5	1.5	2018:11:10:17:26:33	NORMAL	60	ALQUILER DE CABINA	1899:12:30:00:55:25	4	1	0	1899:12:30:00:50:25	1899:12:30:01:00:00	COUNTER			
p:17	2018/11/10 18:27:05	esthefany	INT01	INTERNET	3543	1.5	1.5	2018:11:10:17:23:01	NORMAL	60	ALQUILER DE CABINA	1899:12:30:01:04:03	5	1	0	1899:12:30:00:59:03	1899:12:30:01:00:00	COUNTER			
p:18	2018/11/10 18:27:08	esthefany	INT01	INTERNET	3541	1.5	1.5	2018:11:10:17:23:07	NORMAL	60	ALQUILER DE CABINA	1899:12:30:01:04:01	6	1	0	1899:12:30:00:59:01	1899:12:30:01:00:00	COUNTER			
p:19	2018/11/10 20:44:46	esthefany	INT01	INTERNET	3366	1.5	1.5	2018:11:10:19:43:39	NORMAL	60	ALQUILER DE CABINA	1899:12:30:01:01:06	5	1	0	1899:12:30:00:56:06	1899:12:30:01:00:00	COUNTER			
p:0	2018/11/10 21:53:36	esthefany	INT01	INTERNET	3564	1.5	1.5	2018:11:10:20:49:11	NORMAL	60	ALQUILER DE CABINA	1899:12:30:01:04:24	9	1	0	1899:12:30:00:59:24	1899:12:30:01:00:00	COUNTER			
p:1	2018/11/10 22:12:35	esthefany	INT01	INTERNET	4867	2.5	2.5	2018:11:10:20:46:28	HOR_LIB	0	ALQUILER DE CABINA	1899:12:30:01:26:07	5	1	0	1899:12:30:01:21:07	1899:12:30:00:00:00	COUNTER			
p:0	2018/11/11 10:34:22	reynaldo	INT01	INTERNET	408	0.5	0.5	2018:11:11:10:22:34	NORMAL	15	ALQUILER DE CABINA	1899:12:30:00:11:48	5	1	0	1899:12:30:00:06:48	1899:12:30:00:15:00	COUNTER			
p:1	2018/11/11 10:45:50	reynaldo	INT01	INTERNET	1128	1	1	2018:11:11:10:22:01	NORMAL	30	ALQUILER DE CABINA	1899:12:30:00:23:48	11	1	0	1899:12:30:00:18:48	1899:12:30:00:30:00	COUNTER			
p:2	2018/11/11 10:45:52	reynaldo	INT01	INTERNET	1127	1	1	2018:11:11:10:22:04	NORMAL	30	ALQUILER DE CABINA	1899:12:30:00:23:47	12	1	0	1899:12:30:00:18:47	1899:12:30:00:30:00	COUNTER			
